<?xml version="1.0"?><coverage lines-covered="4499" lines-valid="4911" line-rate="0.9161066992465893" branches-covered="0" branches-valid="0" branch-rate="0" complexity="0" version="1.9" timestamp="1777360167"><sources><source>/home/lx/blazar</source></sources><packages><package name="src/agent/capability" line-rate="0.9195402298850575" branch-rate="0" complexity="0"><classes><class name="types" filename="src/agent/capability/types.rs" line-rate="0.8923076923076924" branch-rate="0" complexity="0"><methods/><lines><line number="11" hits="322"/><line number="29" hits="140"/><line number="31" hits="280"/><line number="51" hits="1"/><line number="52" hits="3"/><line number="63" hits="27"/><line number="64" hits="41"/><line number="67" hits="33"/><line number="68" hits="126"/><line number="69" hits="5"/><line number="72" hits="84"/><line number="73" hits="88"/><line number="74" hits="32"/><line number="75" hits="12"/><line number="76" hits="34"/><line number="81" hits="12"/><line number="84" hits="16"/><line number="88" hits="63"/><line number="89" hits="63"/><line number="91" hits="126"/><line number="101" hits="78"/><line number="103" hits="156"/><line number="108" hits="4"/><line number="110" hits="12"/><line number="111" hits="4"/><line number="117" hits="2"/><line number="118" hits="2"/><line number="119" hits="3"/><line number="120" hits="3"/><line number="139" hits="71"/><line number="140" hits="71"/><line number="143" hits="3"/><line number="144" hits="3"/><line number="145" hits="0"/><line number="146" hits="9"/><line number="147" hits="6"/><line number="148" hits="0"/><line number="164" hits="1"/><line number="166" hits="4"/><line number="174" hits="62"/><line number="175" hits="186"/><line number="177" hits="310"/><line number="181" hits="62"/><line number="185" hits="0"/><line number="186" hits="0"/><line number="188" hits="0"/><line number="192" hits="0"/><line number="196" hits="159"/><line number="199" hits="318"/><line number="200" hits="318"/><line number="201" hits="317"/><line number="202" hits="158"/><line number="203" hits="155"/><line number="204" hits="157"/><line number="205" hits="0"/><line number="207" hits="465"/><line number="208" hits="155"/><line number="211" hits="5"/><line number="212" hits="1"/><line number="214" hits="9"/><line number="215" hits="3"/><line number="219" hits="318"/><line number="220" hits="6"/><line number="222" hits="6"/><line number="224" hits="159"/></lines></class></classes></package><package name="src/chat/commands" line-rate="0.9784172661870504" branch-rate="0" complexity="0"><classes><class name="builtins" filename="src/chat/commands/builtins.rs" line-rate="1" branch-rate="0" complexity="0"><methods/><lines><line number="14" hits="9582"/><line number="15" hits="9582"/><line number="18" hits="1"/><line number="23" hits="3"/><line number="24" hits="2"/><line number="25" hits="3"/><line number="26" hits="1"/><line number="27" hits="1"/><line number="38" hits="479"/><line number="39" hits="479"/><line number="42" hits="3"/><line number="47" hits="6"/><line number="48" hits="9"/><line number="49" hits="3"/><line number="50" hits="3"/><line number="61" hits="479"/><line number="62" hits="479"/><line number="65" hits="6"/><line number="70" hits="12"/><line number="71" hits="12"/><line number="72" hits="6"/><line number="73" hits="6"/><line number="84" hits="479"/><line number="85" hits="479"/><line number="88" hits="3"/><line number="93" hits="6"/><line number="94" hits="6"/><line number="95" hits="3"/><line number="96" hits="3"/><line number="107" hits="479"/><line number="108" hits="479"/><line number="111" hits="4"/><line number="116" hits="8"/><line number="117" hits="8"/><line number="118" hits="4"/><line number="119" hits="4"/><line number="125" hits="4922"/><line number="127" hits="14766"/><line number="128" hits="14766"/><line number="129" hits="4922"/><line number="133" hits="4102"/><line number="138" hits="16408"/><line number="139" hits="8204"/><line number="143" hits="207"/><line number="144" hits="830"/><line number="145" hits="820"/><line number="146" hits="820"/><line number="147" hits="820"/><line number="148" hits="820"/><line number="150" hits="820"/><line number="151" hits="410"/><line number="154" hits="820"/><line number="156" hits="820"/><line number="157" hits="410"/><line number="160" hits="820"/><line number="162" hits="820"/><line number="163" hits="410"/><line number="166" hits="820"/><line number="167" hits="820"/><line number="168" hits="820"/><line number="169" hits="820"/><line number="170" hits="820"/><line number="172" hits="820"/><line number="173" hits="410"/><line number="176" hits="820"/><line number="177" hits="820"/><line number="178" hits="820"/><line number="179" hits="820"/><line number="180" hits="820"/><line number="181" hits="820"/><line number="182" hits="820"/><line number="183" hits="820"/><line number="185" hits="205"/></lines></class><class name="matcher" filename="src/chat/commands/matcher.rs" line-rate="0.9714285714285714" branch-rate="0" complexity="0"><methods/><lines><line number="11" hits="106"/><line number="12" hits="318"/><line number="13" hits="318"/><line number="14" hits="904"/><line number="16" hits="87"/><line number="17" hits="2"/><line number="20" hits="255"/><line number="23" hits="1827"/><line number="24" hits="7660"/><line number="28" hits="1143"/><line number="29" hits="85"/><line number="31" hits="85"/><line number="35" hits="1742"/><line number="36" hits="3484"/><line number="37" hits="3484"/><line number="39" hits="1742"/><line number="40" hits="22"/><line number="41" hits="3440"/><line number="42" hits="83"/><line number="43" hits="6540"/><line number="44" hits="8"/><line number="45" hits="4887"/><line number="46" hits="60"/><line number="48" hits="1569"/><line number="52" hits="1629"/><line number="53" hits="3258"/><line number="54" hits="0"/><line number="57" hits="4887"/><line number="58" hits="4887"/><line number="60" hits="13540"/><line number="61" hits="10282"/><line number="62" hits="2040"/><line number="63" hits="4080"/><line number="64" hits="60"/><line number="69" hits="1569"/></lines></class><class name="orchestrator" filename="src/chat/commands/orchestrator.rs" line-rate="1" branch-rate="0" complexity="0"><methods/><lines><line number="11" hits="6"/><line number="17" hits="10"/><line number="18" hits="12"/><line number="20" hits="10"/><line number="22" hits="16"/><line number="25" hits="19"/><line number="30" hits="38"/><line number="31" hits="57"/><line number="34" hits="6"/><line number="39" hits="12"/><line number="40" hits="12"/><line number="41" hits="30"/></lines></class><class name="registry" filename="src/chat/commands/registry.rs" line-rate="1" branch-rate="0" complexity="0"><methods/><lines><line number="13" hits="205"/><line number="14" hits="205"/><line number="17" hits="4924"/><line number="18" hits="14772"/><line number="19" hits="14772"/><line number="20" hits="2"/><line number="21" hits="2"/><line number="25" hits="19688"/><line number="26" hits="14766"/><line number="27" hits="4922"/><line number="30" hits="274"/><line number="31" hits="13978"/><line number="34" hits="60"/><line number="35" hits="180"/></lines></class><class name="types" filename="src/chat/commands/types.rs" line-rate="0.6" branch-rate="0" complexity="0"><methods/><lines><line number="28" hits="2"/><line number="29" hits="2"/><line number="30" hits="0"/><line number="31" hits="0"/><line number="32" hits="6"/></lines></class></classes></package><package name="src/agent/runtime" line-rate="0.8970840480274442" branch-rate="0" complexity="0"><classes><class name="events" filename="src/agent/runtime/events.rs" line-rate="0.8285714285714286" branch-rate="0" complexity="0"><methods/><lines><line number="36" hits="1861"/><line number="37" hits="5583"/><line number="38" hits="1861"/><line number="42" hits="4"/><line number="43" hits="12"/><line number="44" hits="4"/><line number="48" hits="1"/><line number="49" hits="3"/><line number="50" hits="2"/><line number="51" hits="1"/><line number="52" hits="1"/><line number="56" hits="135"/><line number="64" hits="405"/><line number="65" hits="405"/><line number="66" hits="405"/><line number="67" hits="270"/><line number="68" hits="405"/><line number="69" hits="270"/><line number="70" hits="135"/><line number="71" hits="135"/><line number="75" hits="135"/><line number="76" hits="405"/><line number="77" hits="405"/><line number="78" hits="270"/><line number="79" hits="135"/><line number="83" hits="4"/><line number="84" hits="12"/><line number="85" hits="8"/><line number="86" hits="4"/><line number="97" hits="0"/><line number="98" hits="0"/><line number="99" hits="0"/><line number="101" hits="0"/><line number="111" hits="0"/><line number="112" hits="0"/></lines></class><class name="executor" filename="src/agent/runtime/executor.rs" line-rate="0.9487179487179487" branch-rate="0" complexity="0"><methods/><lines><line number="28" hits="129"/><line number="35" hits="387"/><line number="36" hits="258"/><line number="37" hits="258"/><line number="39" hits="258"/><line number="41" hits="258"/><line number="42" hits="387"/><line number="44" hits="661"/><line number="45" hits="274"/><line number="46" hits="1"/><line number="49" hits="408"/><line number="50" hits="272"/><line number="51" hits="136"/><line number="52" hits="136"/><line number="53" hits="408"/><line number="54" hits="136"/><line number="55" hits="136"/><line number="56" hits="272"/><line number="57" hits="136"/><line number="58" hits="136"/><line number="62" hits="136"/><line number="63" hits="108"/><line number="64" hits="108"/><line number="65" hits="108"/><line number="66" hits="54"/><line number="67" hits="54"/><line number="69" hits="54"/><line number="72" hits="82"/><line number="73" hits="82"/><line number="74" hits="82"/><line number="76" hits="246"/><line number="77" hits="164"/><line number="78" hits="82"/><line number="79" hits="246"/><line number="80" hits="410"/><line number="81" hits="86"/><line number="82" hits="16"/><line number="83" hits="12"/><line number="84" hits="4"/><line number="85" hits="4"/><line number="89" hits="246"/><line number="90" hits="164"/><line number="91" hits="82"/><line number="92" hits="164"/><line number="93" hits="82"/><line number="94" hits="82"/><line number="102" hits="258"/><line number="103" hits="375"/><line number="104" hits="82"/><line number="108" hits="258"/><line number="110" hits="258"/><line number="112" hits="265"/><line number="113" hits="272"/><line number="114" hits="0"/><line number="116" hits="136"/><line number="122" hits="129"/><line number="126" hits="136"/><line number="127" hits="272"/><line number="129" hits="156"/><line number="130" hits="20"/><line number="133" hits="40"/><line number="137" hits="136"/><line number="138" hits="136"/><line number="141" hits="20"/><line number="142" hits="20"/><line number="143" hits="17"/><line number="144" hits="1"/><line number="145" hits="2"/><line number="149" hits="82"/><line number="154" hits="246"/><line number="155" hits="246"/><line number="156" hits="0"/><line number="160" hits="136"/><line number="161" hits="272"/><line number="162" hits="272"/><line number="163" hits="135"/><line number="167" hits="0"/><line number="168" hits="0"/></lines></class><class name="json_repair" filename="src/agent/runtime/json_repair.rs" line-rate="0.9245283018867925" branch-rate="0" complexity="0"><methods/><lines><line number="13" hits="151"/><line number="14" hits="453"/><line number="17" hits="153"/><line number="18" hits="4"/><line number="20" hits="8"/><line number="21" hits="8"/><line number="25" hits="302"/><line number="26" hits="151"/><line number="27" hits="7"/><line number="28" hits="11"/><line number="30" hits="8"/><line number="33" hits="147"/><line number="43" hits="153"/><line number="45" hits="765"/><line number="46" hits="612"/><line number="49" hits="290"/><line number="50" hits="137"/><line number="51" hits="137"/><line number="52" hits="137"/><line number="58" hits="18"/><line number="59" hits="4"/><line number="61" hits="2"/><line number="63" hits="0"/><line number="65" hits="2"/><line number="66" hits="2"/><line number="67" hits="2"/><line number="73" hits="42"/><line number="74" hits="0"/><line number="79" hits="141"/><line number="80" hits="423"/><line number="86" hits="160"/><line number="87" hits="480"/><line number="89" hits="757"/><line number="90" hits="312"/><line number="91" hits="468"/><line number="93" hits="468"/><line number="94" hits="312"/><line number="95" hits="312"/><line number="96" hits="312"/><line number="98" hits="3102"/><line number="99" hits="1161"/><line number="100" hits="644"/><line number="101" hits="2"/><line number="102" hits="2"/><line number="104" hits="644"/><line number="105" hits="2"/><line number="106" hits="713"/><line number="107" hits="71"/><line number="110" hits="642"/><line number="112" hits="282"/><line number="113" hits="72"/><line number="114" hits="934"/><line number="115" hits="588"/><line number="116" hits="153"/><line number="117" hits="153"/><line number="118" hits="152"/><line number="119" hits="152"/><line number="122" hits="129"/><line number="126" hits="936"/><line number="127" hits="468"/><line number="128" hits="468"/><line number="130" hits="620"/><line number="131" hits="2"/><line number="135" hits="460"/><line number="136" hits="148"/><line number="138" hits="6"/><line number="145" hits="19"/><line number="146" hits="57"/><line number="147" hits="57"/><line number="148" hits="38"/><line number="149" hits="38"/><line number="150" hits="38"/><line number="152" hits="632"/><line number="153" hits="613"/><line number="154" hits="390"/><line number="155" hits="1"/><line number="156" hits="3"/><line number="157" hits="1"/><line number="159" hits="389"/><line number="160" hits="1"/><line number="161" hits="2"/><line number="162" hits="1"/><line number="164" hits="388"/><line number="165" hits="41"/><line number="166" hits="82"/><line number="167" hits="41"/><line number="170" hits="347"/><line number="171" hits="3"/><line number="172" hits="3"/><line number="173" hits="9"/><line number="174" hits="0"/><line number="175" hits="0"/><line number="176" hits="0"/><line number="178" hits="0"/><line number="181" hits="3"/><line number="183" hits="1032"/><line number="185" hits="265"/><line number="186" hits="42"/><line number="188" hits="669"/><line number="192" hits="38"/><line number="197" hits="3"/><line number="198" hits="9"/><line number="199" hits="6"/><line number="200" hits="0"/><line number="203" hits="9"/><line number="204" hits="9"/><line number="205" hits="6"/><line number="206" hits="6"/><line number="208" hits="69"/><line number="209" hits="66"/><line number="210" hits="53"/><line number="211" hits="0"/><line number="212" hits="0"/><line number="214" hits="53"/><line number="215" hits="0"/><line number="216" hits="0"/><line number="218" hits="58"/><line number="219" hits="5"/><line number="221" hits="53"/><line number="224" hits="13"/><line number="225" hits="6"/><line number="226" hits="6"/><line number="227" hits="0"/><line number="229" hits="3"/><line number="230" hits="1"/><line number="231" hits="1"/><line number="234" hits="3"/><line number="239" hits="3"/><line number="240" hits="0"/><line number="243" hits="6"/><line number="244" hits="6"/><line number="246" hits="3"/><line number="247" hits="1"/><line number="249" hits="8"/><line number="250" hits="4"/><line number="253" hits="4"/><line number="254" hits="0"/><line number="257" hits="6"/><line number="258" hits="6"/><line number="259" hits="2"/><line number="260" hits="0"/><line number="263" hits="2"/><line number="268" hits="2"/><line number="269" hits="6"/><line number="270" hits="8"/><line number="271" hits="4"/><line number="272" hits="4"/><line number="273" hits="4"/><line number="275" hits="352"/><line number="276" hits="173"/><line number="277" hits="156"/><line number="278" hits="10"/><line number="279" hits="30"/><line number="280" hits="10"/><line number="282" hits="146"/><line number="283" hits="28"/><line number="284" hits="4"/><line number="285" hits="4"/><line number="287" hits="10"/><line number="288" hits="20"/><line number="289" hits="10"/><line number="291" hits="136"/><line number="292" hits="4"/><line number="294" hits="396"/><line number="295" hits="132"/><line number="298" hits="22"/><line number="299" hits="5"/><line number="301" hits="51"/><line number="304" hits="4"/><line number="310" hits="4"/><line number="311" hits="12"/><line number="312" hits="16"/><line number="313" hits="8"/><line number="314" hits="8"/><line number="315" hits="8"/><line number="317" hits="560"/><line number="318" hits="274"/><line number="319" hits="241"/><line number="320" hits="4"/><line number="321" hits="12"/><line number="322" hits="4"/><line number="324" hits="237"/><line number="325" hits="4"/><line number="326" hits="12"/><line number="327" hits="4"/><line number="329" hits="233"/><line number="330" hits="84"/><line number="331" hits="18"/><line number="332" hits="18"/><line number="334" hits="32"/><line number="335" hits="48"/><line number="336" hits="16"/><line number="338" hits="25"/><line number="340" hits="624"/><line number="341" hits="208"/><line number="344" hits="43"/><line number="345" hits="10"/><line number="347" hits="99"/><line number="350" hits="4"/><line number="351" hits="1"/><line number="354" hits="9"/><line number="357" hits="25"/><line number="358" hits="75"/><line number="359" hits="120"/><line number="360" hits="4"/><line number="362" hits="50"/><line number="363" hits="0"/><line number="366" hits="41"/><line number="370" hits="2"/><line number="371" hits="4"/><line number="372" hits="2"/><line number="373" hits="1"/></lines></class><class name="scheduler" filename="src/agent/runtime/scheduler.rs" line-rate="0.7352941176470589" branch-rate="0" complexity="0"><methods/><lines><line number="42" hits="147"/><line number="48" hits="441"/><line number="49" hits="147"/><line number="50" hits="136"/><line number="51" hits="680"/><line number="53" hits="136"/><line number="54" hits="136"/><line number="55" hits="136"/><line number="56" hits="136"/><line number="57" hits="136"/><line number="58" hits="136"/><line number="61" hits="11"/><line number="62" hits="11"/><line number="63" hits="12"/><line number="64" hits="8"/><line number="66" hits="4"/><line number="68" hits="0"/><line number="70" hits="20"/><line number="71" hits="4"/><line number="72" hits="4"/><line number="73" hits="4"/><line number="74" hits="4"/><line number="76" hits="4"/><line number="77" hits="4"/><line number="81" hits="28"/><line number="82" hits="35"/><line number="83" hits="7"/><line number="85" hits="7"/><line number="88" hits="0"/><line number="91" hits="14"/><line number="93" hits="2"/><line number="94" hits="2"/><line number="95" hits="2"/><line number="96" hits="2"/><line number="97" hits="2"/><line number="98" hits="2"/><line number="101" hits="10"/><line number="112" hits="7"/><line number="116" hits="7"/><line number="122" hits="4"/><line number="123" hits="7"/><line number="124" hits="6"/><line number="125" hits="2"/><line number="127" hits="2"/><line number="128" hits="2"/><line number="130" hits="1"/><line number="132" hits="0"/><line number="133" hits="0"/><line number="135" hits="0"/><line number="137" hits="0"/><line number="138" hits="0"/><line number="139" hits="0"/><line number="141" hits="0"/><line number="142" hits="0"/><line number="143" hits="0"/><line number="148" hits="1"/><line number="149" hits="0"/><line number="150" hits="0"/><line number="152" hits="0"/><line number="153" hits="0"/><line number="155" hits="0"/><line number="157" hits="0"/><line number="158" hits="0"/><line number="160" hits="0"/><line number="162" hits="0"/><line number="163" hits="0"/><line number="164" hits="0"/><line number="166" hits="0"/><line number="167" hits="0"/><line number="168" hits="0"/><line number="173" hits="2"/><line number="174" hits="2"/><line number="176" hits="1"/><line number="179" hits="0"/><line number="182" hits="140"/><line number="190" hits="420"/><line number="191" hits="280"/><line number="192" hits="420"/><line number="193" hits="280"/><line number="196" hits="420"/><line number="198" hits="54"/><line number="204" hits="54"/><line number="207" hits="172"/><line number="208" hits="258"/><line number="210" hits="86"/><line number="214" hits="86"/><line number="227" hits="134"/><line number="228" hits="268"/><line number="229" hits="268"/><line number="231" hits="285"/><line number="232" hits="480"/><line number="233" hits="288"/><line number="235" hits="28"/><line number="236" hits="14"/><line number="240" hits="268"/><line number="241" hits="268"/><line number="244" hits="134"/><line number="247" hits="17"/><line number="248" hits="34"/><line number="249" hits="0"/><line number="252" hits="52"/><line number="253" hits="72"/></lines></class><class name="turn" filename="src/agent/runtime/turn.rs" line-rate="0.9551282051282052" branch-rate="0" complexity="0"><methods/><lines><line number="34" hits="29"/><line number="35" hits="87"/><line number="36" hits="29"/><line number="37" hits="17"/><line number="38" hits="16"/><line number="39" hits="15"/><line number="40" hits="14"/><line number="41" hits="13"/><line number="49" hits="113"/><line number="57" hits="339"/><line number="58" hits="226"/><line number="60" hits="339"/><line number="61" hits="339"/><line number="62" hits="339"/><line number="65" hits="480"/><line number="66" hits="0"/><line number="67" hits="0"/><line number="71" hits="240"/><line number="72" hits="240"/><line number="73" hits="240"/><line number="74" hits="240"/><line number="75" hits="240"/><line number="76" hits="240"/><line number="79" hits="240"/><line number="81" hits="442"/><line number="82" hits="173"/><line number="83" hits="164"/><line number="84" hits="82"/><line number="87" hits="91"/><line number="90" hits="132"/><line number="91" hits="4"/><line number="92" hits="2"/><line number="96" hits="260"/><line number="97" hits="408"/><line number="98" hits="417"/><line number="99" hits="417"/><line number="100" hits="417"/><line number="101" hits="139"/><line number="105" hits="260"/><line number="107" hits="269"/><line number="108" hits="139"/><line number="109" hits="139"/><line number="110" hits="139"/><line number="111" hits="139"/><line number="112" hits="139"/><line number="116" hits="390"/><line number="118" hits="782"/><line number="120" hits="262"/><line number="121" hits="0"/><line number="122" hits="0"/><line number="125" hits="131"/><line number="126" hits="2"/><line number="127" hits="4"/><line number="128" hits="2"/><line number="132" hits="258"/><line number="133" hits="645"/><line number="134" hits="387"/><line number="135" hits="774"/><line number="137" hits="516"/><line number="138" hits="129"/><line number="139" hits="774"/><line number="140" hits="265"/><line number="141" hits="218"/><line number="142" hits="86"/><line number="143" hits="12"/><line number="144" hits="8"/><line number="145" hits="8"/><line number="146" hits="4"/><line number="147" hits="4"/><line number="150" hits="312"/><line number="151" hits="156"/><line number="155" hits="408"/><line number="156" hits="272"/><line number="157" hits="136"/><line number="158" hits="136"/><line number="159" hits="136"/><line number="162" hits="408"/><line number="163" hits="272"/><line number="164" hits="136"/><line number="165" hits="136"/><line number="167" hits="136"/><line number="170" hits="129"/><line number="171" hits="4"/><line number="172" hits="1"/><line number="175" hits="128"/><line number="176" hits="0"/><line number="177" hits="0"/><line number="178" hits="0"/><line number="182" hits="254"/><line number="184" hits="4"/><line number="185" hits="9"/><line number="186" hits="9"/><line number="187" hits="1"/><line number="188" hits="1"/><line number="189" hits="1"/><line number="192" hits="8"/><line number="194" hits="12"/><line number="195" hits="6"/><line number="201" hits="4"/><line number="207" hits="16"/><line number="208" hits="12"/><line number="209" hits="4"/><line number="210" hits="3"/><line number="211" hits="1"/><line number="214" hits="6"/><line number="215" hits="6"/><line number="216" hits="3"/><line number="218" hits="12"/><line number="222" hits="4"/><line number="223" hits="4"/><line number="224" hits="3"/><line number="225" hits="1"/><line number="226" hits="1"/><line number="229" hits="3"/><line number="232" hits="4"/><line number="233" hits="12"/><line number="234" hits="5"/><line number="237" hits="241"/><line number="245" hits="723"/><line number="248" hits="241"/><line number="249" hits="241"/><line number="252" hits="482"/><line number="253" hits="1928"/><line number="255" hits="2486"/><line number="256" hits="4490"/><line number="257" hits="4"/><line number="258" hits="16"/><line number="259" hits="8"/><line number="260" hits="4"/><line number="263" hits="2241"/><line number="264" hits="3722"/><line number="265" hits="7444"/><line number="266" hits="3722"/><line number="268" hits="8"/><line number="269" hits="8"/><line number="271" hits="2"/><line number="272" hits="2"/><line number="275" hits="139"/><line number="276" hits="139"/><line number="277" hits="139"/><line number="278" hits="139"/><line number="279" hits="417"/><line number="280" hits="278"/><line number="281" hits="139"/><line number="282" hits="139"/><line number="286" hits="221"/><line number="287" hits="221"/><line number="289" hits="15"/><line number="290" hits="15"/><line number="291" hits="45"/><line number="292" hits="9"/><line number="294" hits="6"/><line number="295" hits="6"/><line number="296" hits="6"/><line number="299" hits="15"/><line number="305" hits="241"/></lines></class></classes></package><package name="src" line-rate="0.9161066992465893" branch-rate="0" complexity="0"><classes><class name="app" filename="src/app.rs" line-rate="0.71875" branch-rate="0" complexity="0"><methods/><lines><line number="5" hits="2"/><line number="6" hits="2"/><line number="11" hits="2"/><line number="12" hits="2"/><line number="15" hits="0"/><line number="16" hits="0"/><line number="17" hits="0"/><line number="18" hits="0"/><line number="19" hits="0"/><line number="20" hits="0"/><line number="25" hits="3"/><line number="29" hits="3"/><line number="34" hits="0"/><line number="36" hits="3"/><line number="40" hits="9"/><line number="41" hits="0"/><line number="44" hits="14"/><line number="45" hits="3"/><line number="46" hits="3"/><line number="47" hits="3"/><line number="48" hits="6"/><line number="49" hits="3"/><line number="50" hits="3"/><line number="52" hits="3"/><line number="53" hits="3"/><line number="54" hits="3"/><line number="55" hits="3"/><line number="57" hits="6"/><line number="58" hits="6"/><line number="59" hits="3"/><line number="61" hits="2"/><line number="65" hits="0"/></lines></class><class name="config" filename="src/config.rs" line-rate="0.8321678321678322" branch-rate="0" complexity="0"><methods/><lines><line number="11" hits="4"/><line number="12" hits="4"/><line number="23" hits="159"/><line number="24" hits="159"/><line number="28" hits="19"/><line number="29" hits="19"/><line number="51" hits="0"/><line number="52" hits="0"/><line number="55" hits="17"/><line number="58" hits="51"/><line number="59" hits="67"/><line number="60" hits="2"/><line number="61" hits="1"/><line number="63" hits="48"/><line number="66" hits="21"/><line number="67" hits="40"/><line number="68" hits="63"/><line number="69" hits="2"/><line number="70" hits="1"/><line number="73" hits="37"/><line number="74" hits="20"/><line number="77" hits="72"/><line number="80" hits="32"/><line number="81" hits="17"/><line number="82" hits="17"/><line number="83" hits="17"/><line number="86" hits="35"/><line number="87" hits="36"/><line number="88" hits="36"/><line number="89" hits="2"/><line number="90" hits="4"/><line number="91" hits="2"/><line number="94" hits="16"/><line number="99" hits="15"/><line number="100" hits="15"/><line number="101" hits="15"/><line number="105" hits="24"/><line number="106" hits="72"/><line number="107" hits="72"/><line number="109" hits="44"/><line number="111" hits="22"/><line number="112" hits="0"/><line number="113" hits="0"/><line number="116" hits="44"/><line number="118" hits="22"/><line number="119" hits="0"/><line number="120" hits="0"/><line number="122" hits="44"/><line number="123" hits="66"/><line number="124" hits="0"/><line number="125" hits="0"/><line number="128" hits="44"/><line number="130" hits="22"/><line number="131" hits="0"/><line number="132" hits="0"/><line number="134" hits="44"/><line number="135" hits="66"/><line number="136" hits="0"/><line number="137" hits="0"/><line number="141" hits="22"/><line number="142" hits="2"/><line number="143" hits="2"/><line number="144" hits="2"/><line number="148" hits="20"/><line number="149" hits="2"/><line number="150" hits="2"/><line number="151" hits="2"/><line number="155" hits="18"/><line number="156" hits="36"/><line number="157" hits="18"/><line number="158" hits="18"/><line number="162" hits="38"/><line number="163" hits="114"/><line number="164" hits="147"/><line number="165" hits="10"/><line number="166" hits="5"/><line number="168" hits="129"/><line number="169" hits="6"/><line number="170" hits="3"/><line number="173" hits="90"/><line number="175" hits="30"/><line number="178" hits="3"/><line number="179" hits="9"/><line number="182" hits="34"/><line number="183" hits="34"/><line number="185" hits="34"/><line number="186" hits="6"/><line number="187" hits="0"/><line number="208" hits="10"/><line number="209" hits="10"/><line number="210" hits="4"/><line number="211" hits="6"/><line number="213" hits="4"/><line number="214" hits="2"/><line number="215" hits="2"/><line number="217" hits="2"/><line number="220" hits="12"/><line number="221" hits="18"/><line number="228" hits="2"/><line number="229" hits="2"/><line number="230" hits="2"/><line number="231" hits="2"/><line number="232" hits="0"/><line number="254" hits="1"/><line number="255" hits="1"/><line number="256" hits="0"/><line number="257" hits="0"/><line number="258" hits="0"/><line number="260" hits="0"/><line number="263" hits="0"/><line number="264" hits="0"/><line number="265" hits="0"/><line number="267" hits="0"/><line number="270" hits="2"/><line number="271" hits="3"/><line number="278" hits="1"/><line number="279" hits="1"/><line number="280" hits="2"/><line number="281" hits="0"/><line number="282" hits="0"/><line number="309" hits="13"/><line number="314" hits="26"/><line number="315" hits="26"/><line number="316" hits="1"/><line number="317" hits="2"/><line number="318" hits="1"/><line number="322" hits="24"/><line number="323" hits="24"/><line number="324" hits="1"/><line number="325" hits="2"/><line number="326" hits="1"/><line number="330" hits="22"/><line number="331" hits="22"/><line number="332" hits="1"/><line number="333" hits="2"/><line number="334" hits="1"/><line number="338" hits="10"/><line number="339" hits="30"/><line number="340" hits="30"/><line number="341" hits="20"/><line number="342" hits="10"/><line number="346" hits="4"/><line number="347" hits="4"/></lines></class><class name="main" filename="src/main.rs" line-rate="0" branch-rate="0" complexity="0"><methods/><lines><line number="1" hits="0"/><line number="2" hits="0"/></lines></class></classes></package><package name="src/agent/adapters" line-rate="0.9385964912280702" branch-rate="0" complexity="0"><classes><class name="conformance" filename="src/agent/adapters/conformance.rs" line-rate="1" branch-rate="0" complexity="0"><methods/><lines><line number="13" hits="1"/><line number="14" hits="2"/><line number="18" hits="4"/><line number="19" hits="8"/><line number="20" hits="5"/><line number="21" hits="3"/><line number="22" hits="1"/><line number="24" hits="4"/><line number="25" hits="3"/><line number="26" hits="1"/><line number="28" hits="4"/><line number="29" hits="2"/></lines></class></classes></package><package name="src/chat/view/render/units" line-rate="1" branch-rate="0" complexity="0"><classes><class name="picker" filename="src/chat/view/render/units/picker.rs" line-rate="1" branch-rate="0" complexity="0"><methods/><lines><line number="10" hits="8"/><line number="16" hits="32"/><line number="17" hits="8"/></lines></class><class name="timeline" filename="src/chat/view/render/units/timeline.rs" line-rate="1" branch-rate="0" complexity="0"><methods/><lines><line number="10" hits="93"/><line number="16" hits="465"/><line number="17" hits="93"/></lines></class><class name="users" filename="src/chat/view/render/units/users.rs" line-rate="1" branch-rate="0" complexity="0"><methods/><lines><line number="14" hits="90"/><line number="20" hits="630"/><line number="21" hits="90"/><line number="26" hits="90"/><line number="32" hits="450"/><line number="33" hits="90"/><line number="38" hits="90"/><line number="44" hits="450"/><line number="45" hits="90"/><line number="50" hits="88"/><line number="56" hits="352"/><line number="57" hits="88"/><line number="62" hits="86"/><line number="68" hits="344"/><line number="69" hits="86"/></lines></class></classes></package><package name="src/chat/view/render" line-rate="1" branch-rate="0" complexity="0"><classes><class name="contracts" filename="src/chat/view/render/contracts.rs" line-rate="1" branch-rate="0" complexity="0"><methods/><lines><line number="20" hits="1"/><line number="22" hits="2"/><line number="23" hits="2"/><line number="24" hits="2"/><line number="25" hits="2"/><line number="26" hits="2"/><line number="27" hits="1"/><line number="28" hits="1"/><line number="41" hits="97"/><line number="55" hits="468"/><line number="56" hits="468"/><line number="59" hits="8"/><line number="60" hits="8"/><line number="63" hits="556"/><line number="64" hits="556"/><line number="67" hits="11"/><line number="68" hits="11"/><line number="71" hits="90"/><line number="72" hits="90"/><line number="94" hits="551"/><line number="101" hits="1101"/><line number="102" hits="1102"/><line number="103" hits="1103"/><line number="104" hits="2750"/></lines></class><class name="registry" filename="src/chat/view/render/registry.rs" line-rate="1" branch-rate="0" complexity="0"><methods/><lines><line number="31" hits="1"/><line number="32" hits="1"/><line number="37" hits="97"/><line number="51" hits="551"/><line number="52" hits="551"/><line number="53" hits="93"/><line number="54" hits="91"/><line number="55" hits="91"/><line number="56" hits="91"/><line number="57" hits="89"/><line number="58" hits="87"/><line number="59" hits="9"/></lines></class></classes></package><package name="src/chat/view/timeline/render_entry/tooling" line-rate="0.9743589743589743" branch-rate="0" complexity="0"><classes><class name="descriptor" filename="src/chat/view/timeline/render_entry/tooling/descriptor.rs" line-rate="0.9782608695652174" branch-rate="0" complexity="0"><methods/><lines><line number="34" hits="47"/><line number="36" hits="45"/><line number="37" hits="45"/><line number="38" hits="45"/><line number="40" hits="47"/><line number="42" hits="2"/><line number="45" hits="90"/><line number="46" hits="8"/><line number="47" hits="35"/><line number="48" hits="2"/><line number="51" hits="180"/><line number="52" hits="135"/><line number="53" hits="0"/><line number="55" hits="180"/><line number="56" hits="90"/><line number="57" hits="4"/><line number="59" hits="43"/><line number="63" hits="45"/><line number="64" hits="90"/><line number="65" hits="135"/><line number="66" hits="180"/><line number="67" hits="135"/><line number="68" hits="135"/><line number="72" hits="45"/><line number="73" hits="82"/><line number="74" hits="61"/><line number="76" hits="24"/><line number="79" hits="21"/><line number="82" hits="37"/><line number="83" hits="87"/><line number="85" hits="72"/><line number="86" hits="72"/><line number="89" hits="45"/><line number="90" hits="90"/><line number="91" hits="45"/><line number="92" hits="45"/><line number="96" hits="45"/><line number="97" hits="45"/><line number="98" hits="265"/><line number="99" hits="45"/><line number="100" hits="2"/><line number="103" hits="86"/><line number="104" hits="8"/><line number="107" hits="202"/><line number="108" hits="2"/><line number="111" hits="33"/></lines></class><class name="renderer" filename="src/chat/view/timeline/render_entry/tooling/renderer.rs" line-rate="0.96875" branch-rate="0" complexity="0"><methods/><lines><line number="5" hits="34"/><line number="9" hits="34"/><line number="10" hits="8"/><line number="11" hits="24"/><line number="12" hits="2"/><line number="16" hits="31"/><line number="23" hits="62"/><line number="25" hits="62"/><line number="26" hits="0"/><line number="29" hits="124"/><line number="31" hits="62"/><line number="32" hits="31"/><line number="33" hits="93"/><line number="34" hits="124"/><line number="36" hits="35"/><line number="37" hits="8"/><line number="38" hits="8"/><line number="40" hits="124"/><line number="42" hits="93"/><line number="43" hits="155"/><line number="44" hits="62"/><line number="45" hits="93"/><line number="49" hits="93"/><line number="50" hits="68"/><line number="52" hits="12"/><line number="56" hits="31"/><line number="57" hits="31"/><line number="58" hits="31"/><line number="59" hits="62"/><line number="60" hits="62"/><line number="62" hits="93"/><line number="64" hits="31"/></lines></class></classes></package><package name="src/welcome" line-rate="0.8277310924369747" branch-rate="0" complexity="0"><classes><class name="mascot" filename="src/welcome/mascot.rs" line-rate="0.8181818181818182" branch-rate="0" complexity="0"><methods/><lines><line number="11" hits="66"/><line number="12" hits="396"/><line number="15" hits="2"/><line number="16" hits="12"/><line number="19" hits="96"/><line number="20" hits="576"/><line number="38" hits="0"/><line number="39" hits="0"/><line number="40" hits="0"/><line number="41" hits="0"/><line number="42" hits="0"/><line number="44" hits="0"/><line number="49" hits="164"/><line number="52" hits="345"/><line number="53" hits="34"/><line number="54" hits="19"/><line number="55" hits="2"/><line number="57" hits="17"/><line number="61" hits="17"/><line number="62" hits="51"/><line number="63" hits="60"/><line number="64" hits="0"/><line number="65" hits="0"/><line number="67" hits="75"/><line number="68" hits="15"/><line number="70" hits="15"/><line number="73" hits="167"/><line number="78" hits="490"/><line number="79" hits="468"/><line number="80" hits="156"/><line number="81" hits="312"/><line number="82" hits="312"/><line number="84" hits="468"/><line number="88" hits="67"/><line number="93" hits="268"/><line number="94" hits="67"/><line number="95" hits="77"/><line number="98" hits="3"/><line number="103" hits="12"/><line number="104" hits="3"/><line number="105" hits="9"/><line number="108" hits="97"/><line number="113" hits="388"/><line number="114" hits="97"/></lines></class><class name="sprite" filename="src/welcome/sprite.rs" line-rate="0.7339449541284404" branch-rate="0" complexity="0"><methods/><lines><line number="41" hits="78"/><line number="42" hits="156"/><line number="44" hits="2652"/><line number="45" hits="41184"/><line number="46" hits="79872"/><line number="47" hits="58904"/><line number="48" hits="20968"/><line number="49" hits="52420"/><line number="50" hits="20968"/><line number="52" hits="18204"/><line number="53" hits="3860"/><line number="55" hits="31452"/><line number="56" hits="31452"/><line number="61" hits="3666"/><line number="62" hits="1170"/><line number="66" hits="78"/><line number="69" hits="0"/><line number="70" hits="0"/><line number="72" hits="0"/><line number="73" hits="0"/><line number="74" hits="0"/><line number="77" hits="0"/><line number="78" hits="0"/><line number="82" hits="0"/><line number="85" hits="94"/><line number="86" hits="94"/><line number="88" hits="1598"/><line number="89" hits="3008"/><line number="90" hits="1504"/><line number="91" hits="49632"/><line number="92" hits="96256"/><line number="93" hits="97768"/><line number="94" hits="49640"/><line number="96" hits="56772"/><line number="97" hits="8644"/><line number="100" hits="192512"/><line number="102" hits="1504"/><line number="104" hits="3008"/><line number="119" hits="28"/><line number="120" hits="28"/><line number="121" hits="0"/><line number="123" hits="28"/><line number="124" hits="0"/><line number="127" hits="112"/><line number="128" hits="84"/><line number="129" hits="84"/><line number="131" hits="28"/><line number="132" hits="0"/><line number="135" hits="56"/><line number="136" hits="84"/><line number="138" hits="252"/><line number="139" hits="336"/><line number="140" hits="672"/><line number="143" hits="28"/><line number="144" hits="56"/><line number="145" hits="28"/><line number="146" hits="56"/><line number="147" hits="28"/><line number="151" hits="159"/><line number="152" hits="318"/><line number="155" hits="0"/><line number="156" hits="0"/><line number="159" hits="172"/><line number="160" hits="516"/><line number="163" hits="5"/><line number="164" hits="10"/><line number="165" hits="20"/><line number="166" hits="20"/><line number="168" hits="8"/><line number="169" hits="9"/><line number="170" hits="15"/><line number="171" hits="6"/><line number="175" hits="0"/><line number="176" hits="0"/><line number="189" hits="0"/><line number="190" hits="0"/><line number="191" hits="0"/><line number="192" hits="0"/><line number="193" hits="0"/><line number="194" hits="0"/><line number="197" hits="0"/><line number="203" hits="0"/><line number="204" hits="0"/><line number="205" hits="0"/><line number="206" hits="0"/><line number="212" hits="0"/><line number="213" hits="0"/><line number="217" hits="112"/><line number="223" hits="224"/><line number="224" hits="224"/><line number="226" hits="1904"/><line number="227" hits="5376"/><line number="229" hits="59136"/><line number="230" hits="229376"/><line number="231" hits="114688"/><line number="232" hits="172032"/><line number="234" hits="0"/><line number="237" hits="286720"/><line number="240" hits="5376"/><line number="241" hits="1792"/><line number="247" hits="57346"/><line number="248" hits="114692"/><line number="249" hits="114692"/><line number="251" hits="114692"/><line number="259" hits="5208"/><line number="264" hits="3024"/><line number="269" hits="27387"/><line number="274" hits="10304"/><line number="275" hits="7728"/></lines></class><class name="startup" filename="src/welcome/startup.rs" line-rate="0.9354838709677419" branch-rate="0" complexity="0"><methods/><lines><line number="16" hits="14"/><line number="18" hits="14"/><line number="22" hits="40"/><line number="23" hits="160"/><line number="24" hits="120"/><line number="28" hits="4"/><line number="29" hits="8"/><line number="30" hits="20"/><line number="32" hits="8"/><line number="33" hits="20"/><line number="35" hits="8"/><line number="36" hits="4"/><line number="37" hits="4"/><line number="39" hits="16"/><line number="42" hits="8"/><line number="43" hits="13"/><line number="45" hits="3"/><line number="46" hits="2"/><line number="47" hits="2"/><line number="49" hits="8"/><line number="53" hits="3"/><line number="56" hits="1"/><line number="57" hits="2"/><line number="58" hits="5"/><line number="59" hits="5"/><line number="60" hits="1"/><line number="61" hits="1"/><line number="63" hits="4"/><line number="65" hits="1"/><line number="69" hits="0"/><line number="70" hits="0"/></lines></class><class name="state" filename="src/welcome/state.rs" line-rate="0.8571428571428571" branch-rate="0" complexity="0"><methods/><lines><line number="16" hits="143"/><line number="24" hits="54"/><line number="25" hits="54"/><line number="28" hits="58"/><line number="29" hits="232"/><line number="30" hits="232"/><line number="32" hits="116"/><line number="40" hits="4"/><line number="53" hits="24"/><line number="57" hits="156"/><line number="63" hits="624"/><line number="64" hits="156"/><line number="69" hits="0"/><line number="70" hits="0"/></lines></class><class name="theme" filename="src/welcome/theme.rs" line-rate="1" branch-rate="0" complexity="0"><methods/><lines><line number="25" hits="46"/><line number="26" hits="46"/></lines></class><class name="view" filename="src/welcome/view.rs" line-rate="1" branch-rate="0" complexity="0"><methods/><lines><line number="5" hits="44"/><line number="6" hits="132"/><line number="8" hits="44"/><line number="10" hits="88"/><line number="12" hits="1452"/><line number="16" hits="88"/><line number="17" hits="132"/><line number="18" hits="44"/><line number="19" hits="132"/><line number="20" hits="44"/><line number="21" hits="88"/><line number="22" hits="88"/><line number="25" hits="176"/><line number="28" hits="44"/><line number="29" hits="44"/><line number="30" hits="16"/><line number="31" hits="22"/><line number="32" hits="6"/><line number="36" hits="44"/><line number="37" hits="264"/><line number="38" hits="132"/><line number="40" hits="1452"/><line number="41" hits="5632"/><line number="42" hits="5632"/><line number="43" hits="2816"/><line number="44" hits="4928"/><line number="45" hits="1408"/><line number="48" hits="88"/><line number="51" hits="1408"/><line number="52" hits="2816"/><line number="53" hits="5632"/><line number="55" hits="143792"/><line number="56" hits="149600"/><line number="57" hits="302312"/><line number="58" hits="250040"/><line number="59" hits="26136"/><line number="63" hits="90112"/><line number="67" hits="1408"/></lines></class></classes></package><package name="src/agent/adapters/acp_client" line-rate="0.9313725490196079" branch-rate="0" complexity="0"><classes><class name="mapper" filename="src/agent/adapters/acp_client/mapper.rs" line-rate="0.926829268292683" branch-rate="0" complexity="0"><methods/><lines><line number="20" hits="19"/><line number="21" hits="38"/><line number="22" hits="76"/><line number="23" hits="38"/><line number="24" hits="0"/><line number="26" hits="38"/><line number="27" hits="19"/><line number="28" hits="57"/><line number="29" hits="57"/><line number="30" hits="21"/><line number="32" hits="19"/><line number="33" hits="19"/><line number="34" hits="38"/><line number="35" hits="19"/><line number="36" hits="19"/><line number="37" hits="21"/><line number="41" hits="11"/><line number="42" hits="22"/><line number="44" hits="11"/><line number="45" hits="11"/><line number="47" hits="11"/><line number="48" hits="44"/><line number="49" hits="16"/><line number="50" hits="11"/><line number="52" hits="8"/><line number="53" hits="8"/><line number="54" hits="15"/><line number="56" hits="8"/><line number="57" hits="16"/><line number="58" hits="12"/><line number="60" hits="0"/><line number="61" hits="0"/><line number="65" hits="2"/><line number="69" hits="9"/><line number="70" hits="18"/><line number="71" hits="9"/><line number="72" hits="21"/><line number="73" hits="9"/><line number="74" hits="18"/><line number="75" hits="6"/><line number="76" hits="18"/><line number="78" hits="27"/><line number="79" hits="9"/><line number="81" hits="17"/><line number="83" hits="25"/><line number="84" hits="9"/><line number="85" hits="14"/><line number="88" hits="22"/><line number="89" hits="12"/><line number="90" hits="6"/><line number="91" hits="6"/><line number="93" hits="0"/><line number="96" hits="8"/><line number="97" hits="16"/><line number="98" hits="16"/><line number="99" hits="8"/><line number="100" hits="8"/><line number="104" hits="6"/><line number="105" hits="12"/><line number="106" hits="0"/><line number="109" hits="24"/><line number="110" hits="12"/><line number="111" hits="36"/><line number="112" hits="6"/><line number="113" hits="6"/><line number="114" hits="10"/><line number="116" hits="5"/><line number="117" hits="5"/><line number="118" hits="20"/><line number="120" hits="1"/><line number="121" hits="2"/><line number="123" hits="1"/><line number="124" hits="1"/><line number="125" hits="2"/><line number="127" hits="1"/><line number="128" hits="1"/><line number="129" hits="1"/><line number="130" hits="3"/><line number="131" hits="2"/><line number="132" hits="1"/><line number="135" hits="0"/><line number="139" hits="6"/></lines></class><class name="mod" filename="src/agent/adapters/acp_client/mod.rs" line-rate="0.95" branch-rate="0" complexity="0"><methods/><lines><line number="18" hits="1"/><line number="19" hits="3"/><line number="20" hits="2"/><line number="21" hits="2"/><line number="22" hits="2"/><line number="23" hits="1"/><line number="25" hits="1"/><line number="28" hits="1"/><line number="29" hits="3"/><line number="30" hits="1"/><line number="32" hits="1"/><line number="33" hits="1"/><line number="34" hits="1"/><line number="35" hits="1"/><line number="38" hits="1"/><line number="39" hits="3"/><line number="40" hits="2"/><line number="41" hits="1"/><line number="43" hits="0"/><line number="44" hits="1"/></lines></class></classes></package><package name="src/chat" line-rate="0.9335624284077892" branch-rate="0" complexity="0"><classes><class name="app" filename="src/chat/app.rs" line-rate="0.8857142857142857" branch-rate="0" complexity="0"><methods/><lines><line number="102" hits="188"/><line number="103" hits="564"/><line number="104" hits="564"/><line number="105" hits="564"/><line number="106" hits="564"/><line number="108" hits="564"/><line number="109" hits="0"/><line number="111" hits="376"/><line number="112" hits="376"/><line number="113" hits="376"/><line number="114" hits="376"/><line number="115" hits="564"/><line number="116" hits="188"/><line number="120" hits="376"/><line number="121" hits="564"/><line number="122" hits="0"/><line number="123" hits="0"/><line number="124" hits="0"/><line number="129" hits="564"/><line number="130" hits="376"/><line number="131" hits="188"/><line number="132" hits="564"/><line number="133" hits="1316"/><line number="135" hits="188"/><line number="136" hits="376"/><line number="137" hits="376"/><line number="138" hits="376"/><line number="139" hits="376"/><line number="140" hits="376"/><line number="141" hits="188"/><line number="142" hits="564"/><line number="143" hits="376"/><line number="144" hits="564"/><line number="145" hits="376"/><line number="146" hits="376"/><line number="147" hits="564"/><line number="148" hits="376"/><line number="150" hits="376"/><line number="151" hits="376"/><line number="152" hits="752"/><line number="153" hits="376"/><line number="154" hits="376"/><line number="156" hits="188"/><line number="157" hits="188"/><line number="158" hits="188"/><line number="159" hits="376"/><line number="160" hits="376"/><line number="161" hits="376"/><line number="162" hits="376"/><line number="163" hits="376"/><line number="164" hits="376"/><line number="165" hits="376"/><line number="166" hits="188"/><line number="167" hits="376"/><line number="168" hits="376"/><line number="169" hits="376"/><line number="170" hits="188"/><line number="171" hits="376"/><line number="172" hits="188"/><line number="173" hits="188"/><line number="174" hits="188"/><line number="178" hits="179"/><line number="179" hits="537"/><line number="181" hits="537"/><line number="183" hits="537"/><line number="184" hits="537"/><line number="186" hits="537"/><line number="188" hits="537"/><line number="189" hits="179"/><line number="190" hits="358"/><line number="191" hits="358"/><line number="193" hits="179"/><line number="198" hits="9"/><line number="203" hits="27"/><line number="205" hits="27"/><line number="207" hits="27"/><line number="208" hits="27"/><line number="210" hits="27"/><line number="211" hits="18"/><line number="212" hits="9"/><line number="217" hits="0"/><line number="218" hits="0"/><line number="219" hits="0"/><line number="220" hits="0"/><line number="223" hits="29"/><line number="224" hits="29"/><line number="227" hits="116"/><line number="228" hits="116"/><line number="231" hits="0"/><line number="232" hits="0"/><line number="235" hits="0"/><line number="236" hits="0"/><line number="239" hits="47"/><line number="240" hits="47"/><line number="243" hits="26"/><line number="244" hits="26"/><line number="245" hits="2"/><line number="246" hits="23"/><line number="247" hits="23"/><line number="249" hits="23"/><line number="250" hits="2"/><line number="251" hits="2"/><line number="255" hits="65"/><line number="256" hits="74"/><line number="257" hits="65"/><line number="258" hits="65"/><line number="261" hits="95"/><line number="262" hits="83"/><line number="264" hits="9"/><line number="267" hits="37"/><line number="268" hits="12"/><line number="269" hits="50"/><line number="270" hits="50"/><line number="272" hits="134"/><line number="276" hits="114"/><line number="277" hits="228"/><line number="278" hits="65"/><line number="279" hits="49"/><line number="283" hits="112"/><line number="284" hits="208"/><line number="287" hits="0"/><line number="288" hits="0"/><line number="292" hits="2"/><line number="293" hits="4"/><line number="294" hits="2"/><line number="295" hits="4"/><line number="299" hits="96"/><line number="300" hits="96"/><line number="303" hits="0"/><line number="304" hits="0"/><line number="307" hits="98"/><line number="308" hits="98"/><line number="311" hits="1"/><line number="312" hits="1"/><line number="315" hits="1"/><line number="316" hits="3"/><line number="317" hits="3"/><line number="320" hits="3"/><line number="321" hits="3"/><line number="324" hits="188"/><line number="325" hits="188"/><line number="328" hits="194"/><line number="330" hits="388"/><line number="331" hits="388"/><line number="332" hits="582"/><line number="333" hits="582"/><line number="334" hits="582"/><line number="335" hits="582"/><line number="336" hits="388"/><line number="337" hits="194"/><line number="341" hits="90"/><line number="342" hits="90"/><line number="343" hits="270"/><line number="346" hits="29"/><line number="347" hits="29"/><line number="350" hits="23"/><line number="351" hits="23"/><line number="354" hits="20"/><line number="355" hits="80"/><line number="356" hits="60"/><line number="357" hits="1"/><line number="358" hits="3"/><line number="360" hits="19"/><line number="361" hits="38"/><line number="363" hits="40"/><line number="366" hits="33"/><line number="369" hits="42"/><line number="370" hits="14"/><line number="371" hits="4"/><line number="373" hits="5"/><line number="374" hits="5"/><line number="376" hits="7"/><line number="378" hits="0"/><line number="380" hits="20"/><line number="383" hits="33"/><line number="384" hits="0"/><line number="385" hits="0"/><line number="390" hits="0"/><line number="391" hits="0"/><line number="394" hits="95"/><line number="395" hits="95"/><line number="397" hits="107"/><line number="405" hits="5"/><line number="406" hits="10"/><line number="407" hits="0"/><line number="410" hits="10"/><line number="411" hits="5"/><line number="412" hits="20"/><line number="413" hits="10"/><line number="414" hits="20"/><line number="415" hits="20"/><line number="416" hits="5"/><line number="418" hits="5"/><line number="420" hits="0"/><line number="421" hits="0"/><line number="422" hits="0"/><line number="424" hits="0"/><line number="429" hits="58"/><line number="430" hits="58"/><line number="431" hits="58"/><line number="433" hits="116"/><line number="434" hits="58"/><line number="435" hits="174"/><line number="438" hits="2311"/><line number="439" hits="1502"/><line number="443" hits="58"/><line number="444" hits="2"/><line number="445" hits="0"/><line number="446" hits="1"/><line number="448" hits="2"/><line number="449" hits="4"/><line number="450" hits="4"/><line number="451" hits="1"/><line number="452" hits="1"/><line number="458" hits="1"/><line number="459" hits="1"/><line number="464" hits="3"/><line number="465" hits="4"/><line number="466" hits="2"/><line number="467" hits="2"/><line number="468" hits="2"/><line number="469" hits="2"/><line number="473" hits="16"/><line number="474" hits="48"/><line number="475" hits="32"/><line number="478" hits="246"/><line number="479" hits="738"/><line number="482" hits="18"/><line number="483" hits="54"/><line number="484" hits="54"/><line number="485" hits="36"/><line number="486" hits="36"/><line number="489" hits="115"/><line number="490" hits="345"/><line number="491" hits="190"/><line number="492" hits="150"/><line number="493" hits="300"/><line number="494" hits="150"/><line number="495" hits="150"/><line number="496" hits="225"/><line number="498" hits="80"/><line number="499" hits="80"/><line number="500" hits="40"/><line number="505" hits="1"/><line number="506" hits="2"/><line number="509" hits="75"/><line number="510" hits="225"/><line number="511" hits="150"/><line number="512" hits="375"/><line number="513" hits="75"/><line number="514" hits="225"/><line number="515" hits="75"/><line number="516" hits="75"/><line number="517" hits="75"/><line number="520" hits="43"/><line number="521" hits="28"/><line number="522" hits="22"/><line number="523" hits="6"/><line number="524" hits="15"/><line number="528" hits="15"/><line number="533" hits="90"/><line number="534" hits="0"/><line number="537" hits="45"/><line number="539" hits="30"/><line number="540" hits="2"/><line number="543" hits="28"/><line number="546" hits="14"/><line number="547" hits="0"/><line number="548" hits="0"/><line number="551" hits="42"/><line number="554" hits="6"/><line number="555" hits="6"/><line number="558" hits="0"/><line number="559" hits="0"/><line number="562" hits="101"/><line number="563" hits="101"/><line number="567" hits="206"/><line number="568" hits="412"/><line number="569" hits="618"/><line number="570" hits="206"/></lines></class><class name="demo" filename="src/chat/demo.rs" line-rate="1" branch-rate="0" complexity="0"><methods/><lines><line number="6" hits="2"/><line number="7" hits="8"/><line number="13" hits="7"/><line number="14" hits="7"/><line number="16" hits="7"/><line number="19" hits="7"/><line number="20" hits="7"/><line number="25" hits="7"/><line number="28" hits="7"/><line number="35" hits="7"/><line number="40" hits="7"/><line number="47" hits="7"/><line number="61" hits="7"/><line number="65" hits="7"/><line number="77" hits="7"/><line number="84" hits="7"/><line number="91" hits="7"/><line number="108" hits="7"/><line number="115" hits="7"/><line number="128" hits="7"/><line number="132" hits="7"/><line number="143" hits="7"/><line number="155" hits="7"/><line number="161" hits="7"/><line number="173" hits="7"/><line number="176" hits="7"/><line number="183" hits="7"/><line number="190" hits="7"/><line number="205" hits="7"/></lines></class><class name="git" filename="src/chat/git.rs" line-rate="0.9444444444444444" branch-rate="0" complexity="0"><methods/><lines><line number="22" hits="7"/><line number="23" hits="35"/><line number="25" hits="21"/><line number="26" hits="28"/><line number="29" hits="14"/><line number="30" hits="0"/><line number="32" hits="7"/><line number="33" hits="2"/><line number="36" hits="15"/><line number="37" hits="10"/><line number="38" hits="10"/><line number="39" hits="10"/><line number="40" hits="10"/><line number="41" hits="10"/><line number="42" hits="10"/><line number="43" hits="10"/><line number="45" hits="14"/><line number="46" hits="14"/><line number="48" hits="11"/><line number="49" hits="2"/><line number="51" hits="8"/><line number="52" hits="8"/><line number="53" hits="4"/><line number="54" hits="4"/><line number="57" hits="6"/><line number="58" hits="6"/><line number="59" hits="3"/><line number="60" hits="3"/><line number="61" hits="3"/><line number="62" hits="3"/><line number="63" hits="2"/><line number="64" hits="1"/><line number="65" hits="0"/><line number="69" hits="4"/><line number="70" hits="8"/><line number="71" hits="8"/><line number="72" hits="12"/><line number="74" hits="6"/><line number="75" hits="2"/><line number="76" hits="2"/><line number="78" hits="4"/><line number="79" hits="1"/><line number="81" hits="5"/><line number="82" hits="2"/><line number="84" hits="3"/><line number="85" hits="9"/><line number="91" hits="15"/><line number="92" hits="10"/><line number="93" hits="5"/><line number="94" hits="10"/><line number="95" hits="10"/><line number="96" hits="10"/><line number="97" hits="10"/><line number="98" hits="5"/><line number="99" hits="5"/><line number="103" hits="15"/><line number="104" hits="10"/><line number="105" hits="5"/><line number="107" hits="33"/><line number="108" hits="5"/><line number="111" hits="0"/><line number="114" hits="0"/><line number="129" hits="2"/><line number="131" hits="4"/><line number="137" hits="1"/><line number="139" hits="3"/><line number="145" hits="2"/><line number="150" hits="2"/><line number="159" hits="3"/><line number="161" hits="9"/><line number="167" hits="3"/><line number="168" hits="3"/></lines></class><class name="input" filename="src/chat/input.rs" line-rate="1" branch-rate="0" complexity="0"><methods/><lines><line number="21" hits="558"/><line number="22" hits="558"/><line number="23" hits="4"/><line number="24" hits="4"/><line number="25" hits="2"/><line number="26" hits="4"/><line number="27" hits="4"/><line number="28" hits="6"/><line number="29" hits="2"/><line number="30" hits="2"/><line number="31" hits="2"/><line number="33" hits="4"/><line number="36" hits="4"/><line number="38" hits="520"/></lines></class><class name="model" filename="src/chat/model.rs" line-rate="1" branch-rate="0" complexity="0"><methods/><lines><line number="69" hits="64"/><line number="74" hits="128"/><line number="75" hits="64"/><line number="79" hits="65"/><line number="84" hits="130"/><line number="85" hits="65"/><line number="89" hits="33"/><line number="98" hits="66"/><line number="105" hits="66"/><line number="106" hits="33"/><line number="110" hits="27"/><line number="113" hits="54"/><line number="117" hits="54"/><line number="118" hits="27"/><line number="122" hits="55"/><line number="133" hits="110"/><line number="141" hits="165"/><line number="142" hits="55"/><line number="146" hits="32"/><line number="151" hits="64"/><line number="152" hits="32"/><line number="156" hits="11"/><line number="159" hits="22"/><line number="163" hits="22"/><line number="164" hits="11"/><line number="168" hits="22"/><line number="173" hits="44"/><line number="174" hits="22"/><line number="178" hits="26"/><line number="183" hits="52"/><line number="184" hits="26"/><line number="189" hits="50"/><line number="190" hits="150"/><line number="191" hits="50"/><line number="194" hits="3"/><line number="195" hits="6"/><line number="196" hits="3"/></lines></class><class name="picker" filename="src/chat/picker.rs" line-rate="0.9024390243902439" branch-rate="0" complexity="0"><methods/><lines><line number="24" hits="4808"/><line number="26" hits="14424"/><line number="27" hits="4808"/><line number="43" hits="1"/><line number="44" hits="4"/><line number="47" hits="212"/><line number="53" hits="636"/><line number="55" hits="424"/><line number="57" hits="212"/><line number="58" hits="212"/><line number="62" hits="195"/><line number="65" hits="390"/><line number="68" hits="23595"/><line number="70" hits="585"/><line number="73" hits="23"/><line number="74" hits="46"/><line number="75" hits="46"/><line number="76" hits="46"/><line number="79" hits="6"/><line number="80" hits="12"/><line number="81" hits="12"/><line number="84" hits="99"/><line number="85" hits="378"/><line number="88" hits="195"/><line number="89" hits="390"/><line number="92" hits="12"/><line number="93" hits="12"/><line number="96" hits="68"/><line number="97" hits="68"/><line number="100" hits="0"/><line number="101" hits="0"/><line number="104" hits="8"/><line number="105" hits="8"/><line number="108" hits="12"/><line number="109" hits="12"/><line number="112" hits="2"/><line number="113" hits="6"/><line number="114" hits="2"/><line number="115" hits="0"/><line number="116" hits="0"/><line number="118" hits="4"/><line number="119" hits="2"/><line number="120" hits="2"/><line number="122" hits="6"/><line number="123" hits="10"/><line number="124" hits="6"/><line number="127" hits="27"/><line number="128" hits="81"/><line number="129" hits="27"/><line number="130" hits="0"/><line number="131" hits="0"/><line number="133" hits="54"/><line number="134" hits="27"/><line number="135" hits="27"/><line number="137" hits="81"/><line number="138" hits="54"/><line number="139" hits="81"/><line number="142" hits="6"/><line number="143" hits="18"/><line number="144" hits="11"/><line number="145" hits="6"/><line number="146" hits="6"/><line number="147" hits="32"/><line number="148" hits="25"/><line number="151" hits="12"/><line number="152" hits="48"/><line number="153" hits="6"/><line number="155" hits="36"/><line number="156" hits="24"/><line number="159" hits="2"/><line number="160" hits="4"/><line number="161" hits="4"/><line number="165" hits="0"/><line number="166" hits="0"/><line number="167" hits="0"/><line number="168" hits="0"/><line number="169" hits="0"/><line number="170" hits="0"/><line number="173" hits="8"/><line number="174" hits="24"/><line number="175" hits="16"/><line number="178" hits="8"/><line number="179" hits="24"/><line number="180" hits="32"/><line number="181" hits="8"/><line number="184" hits="106"/><line number="185" hits="106"/><line number="186" hits="24"/><line number="187" hits="20"/><line number="190" hits="4"/><line number="191" hits="2"/><line number="192" hits="2"/><line number="193" hits="2"/><line number="194" hits="6"/><line number="195" hits="8"/><line number="196" hits="4"/><line number="198" hits="2"/><line number="201" hits="188"/><line number="202" hits="188"/><line number="203" hits="146"/><line number="205" hits="21"/><line number="206" hits="2"/><line number="209" hits="57"/><line number="210" hits="19"/><line number="212" hits="19"/><line number="213" hits="652"/><line number="214" hits="652"/><line number="215" hits="652"/><line number="219" hits="76"/><line number="220" hits="19"/><line number="222" hits="1149"/><line number="226" hits="37"/><line number="227" hits="78"/><line number="228" hits="8"/><line number="230" hits="66"/><line number="234" hits="16"/><line number="235" hits="32"/><line number="236" hits="16"/><line number="237" hits="16"/><line number="239" hits="48"/><line number="240" hits="16"/><line number="241" hits="4"/><line number="243" hits="12"/></lines></class><class name="session" filename="src/chat/session.rs" line-rate="0.9318181818181818" branch-rate="0" complexity="0"><methods/><lines><line number="23" hits="1"/><line number="24" hits="6"/><line number="25" hits="6"/><line number="26" hits="4"/><line number="27" hits="4"/><line number="28" hits="2"/><line number="30" hits="4"/><line number="37" hits="15"/><line number="38" hits="29"/><line number="39" hits="1"/><line number="41" hits="14"/><line number="42" hits="2"/><line number="46" hits="48"/><line number="47" hits="12"/><line number="51" hits="36"/><line number="52" hits="36"/><line number="53" hits="36"/><line number="55" hits="0"/><line number="59" hits="24"/><line number="60" hits="10"/><line number="62" hits="14"/><line number="66" hits="36"/><line number="69" hits="36"/><line number="70" hits="24"/><line number="75" hits="24"/><line number="86" hits="1"/><line number="88" hits="3"/><line number="89" hits="3"/><line number="90" hits="3"/><line number="91" hits="3"/><line number="92" hits="2"/><line number="106" hits="24"/><line number="107" hits="96"/><line number="108" hits="48"/><line number="109" hits="54"/><line number="110" hits="78"/><line number="111" hits="54"/><line number="112" hits="18"/><line number="113" hits="18"/><line number="117" hits="6"/><line number="122" hits="12"/><line number="123" hits="17"/><line number="124" hits="7"/><line number="126" hits="5"/><line number="127" hits="77"/><line number="128" hits="41"/><line number="130" hits="144"/><line number="132" hits="36"/><line number="133" hits="36"/><line number="134" hits="128"/><line number="135" hits="36"/><line number="144" hits="12"/><line number="148" hits="12"/><line number="149" hits="7"/><line number="152" hits="5"/><line number="153" hits="5"/><line number="155" hits="0"/><line number="157" hits="10"/><line number="158" hits="10"/><line number="159" hits="10"/><line number="161" hits="10"/><line number="162" hits="15"/><line number="163" hits="0"/><line number="165" hits="50"/><line number="166" hits="120"/><line number="167" hits="120"/><line number="168" hits="30"/><line number="169" hits="30"/><line number="170" hits="0"/><line number="173" hits="25"/><line number="174" hits="15"/><line number="175" hits="20"/><line number="176" hits="15"/><line number="177" hits="10"/><line number="178" hits="0"/><line number="182" hits="10"/><line number="190" hits="12"/><line number="191" hits="60"/><line number="192" hits="5"/><line number="194" hits="25"/><line number="195" hits="15"/><line number="196" hits="50"/><line number="197" hits="40"/><line number="198" hits="0"/><line number="201" hits="30"/><line number="202" hits="22"/><line number="203" hits="30"/><line number="204" hits="10"/></lines></class><class name="theme" filename="src/chat/theme.rs" line-rate="1" branch-rate="0" complexity="0"><methods/><lines><line number="12" hits="3376"/><line number="13" hits="6752"/><line number="55" hits="210"/><line number="56" hits="420"/><line number="60" hits="212"/><line number="61" hits="212"/><line number="62" hits="633"/><line number="63" hits="1"/><line number="68" hits="4"/><line number="69" hits="4"/><line number="72" hits="211"/><line number="73" hits="1055"/><line number="74" hits="1055"/><line number="75" hits="1055"/><line number="76" hits="1055"/><line number="77" hits="1055"/><line number="78" hits="1055"/><line number="79" hits="1055"/><line number="80" hits="1055"/><line number="81" hits="1055"/><line number="82" hits="1055"/><line number="83" hits="1055"/><line number="84" hits="1055"/><line number="85" hits="1055"/><line number="86" hits="1055"/><line number="87" hits="1055"/><line number="88" hits="1055"/><line number="91" hits="633"/><line number="92" hits="633"/><line number="93" hits="633"/><line number="94" hits="633"/><line number="95" hits="633"/><line number="96" hits="633"/><line number="100" hits="1266"/><line number="101" hits="422"/><line number="104" hits="844"/><line number="105" hits="844"/><line number="106" hits="844"/><line number="107" hits="422"/><line number="110" hits="844"/><line number="111" hits="844"/><line number="112" hits="844"/><line number="113" hits="422"/><line number="116" hits="844"/><line number="117" hits="844"/><line number="118" hits="422"/><line number="121" hits="844"/><line number="122" hits="844"/><line number="123" hits="844"/><line number="124" hits="844"/><line number="125" hits="844"/><line number="126" hits="844"/><line number="127" hits="1266"/><line number="128" hits="844"/><line number="129" hits="422"/><line number="132" hits="844"/><line number="133" hits="422"/><line number="136" hits="844"/><line number="137" hits="422"/><line number="140" hits="844"/><line number="148" hits="1"/><line number="163" hits="3"/><line number="164" hits="4"/><line number="165" hits="3"/><line number="166" hits="3"/><line number="167" hits="3"/><line number="168" hits="4"/><line number="169" hits="3"/><line number="170" hits="3"/><line number="171" hits="3"/><line number="172" hits="3"/><line number="173" hits="3"/><line number="174" hits="3"/><line number="175" hits="4"/><line number="176" hits="3"/><line number="177" hits="3"/><line number="178" hits="3"/><line number="179" hits="3"/><line number="180" hits="3"/><line number="181" hits="3"/><line number="182" hits="3"/><line number="183" hits="3"/><line number="184" hits="4"/><line number="185" hits="3"/><line number="186" hits="4"/><line number="187" hits="3"/><line number="188" hits="3"/><line number="189" hits="3"/><line number="192" hits="2"/><line number="224" hits="3816"/><line number="226" hits="7632"/><line number="227" hits="3816"/><line number="228" hits="3816"/><line number="234" hits="212"/><line number="245" hits="424"/><line number="248" hits="848"/><line number="251" hits="848"/><line number="254" hits="848"/><line number="257" hits="212"/><line number="258" hits="1060"/><line number="261" hits="212"/><line number="262" hits="212"/><line number="263" hits="1060"/><line number="266" hits="4028"/><line number="267" hits="1696"/><line number="268" hits="6784"/><line number="269" hits="1696"/><line number="271" hits="1908"/><line number="272" hits="424"/><line number="277" hits="424"/><line number="278" hits="636"/><line number="279" hits="212"/><line number="283" hits="424"/><line number="284" hits="848"/><line number="285" hits="212"/><line number="289" hits="424"/><line number="290" hits="636"/><line number="291" hits="212"/><line number="295" hits="848"/><line number="297" hits="212"/></lines></class><class name="users_state" filename="src/chat/users_state.rs" line-rate="0.9090909090909091" branch-rate="0" complexity="0"><methods/><lines><line number="40" hits="86"/><line number="51" hits="94"/><line number="52" hits="94"/><line number="53" hits="188"/><line number="54" hits="188"/><line number="57" hits="94"/><line number="58" hits="282"/><line number="61" hits="94"/><line number="62" hits="94"/><line number="63" hits="0"/><line number="65" hits="470"/></lines></class></classes></package><package name="src/chat/view/timeline/render_entry" line-rate="0.9591346153846154" branch-rate="0" complexity="0"><classes><class name="banner" filename="src/chat/view/timeline/render_entry/banner.rs" line-rate="0.9512195121951219" branch-rate="0" complexity="0"><methods/><lines><line number="13" hits="94"/><line number="19" hits="188"/><line number="20" hits="188"/><line number="22" hits="282"/><line number="23" hits="188"/><line number="26" hits="376"/><line number="27" hits="282"/><line number="29" hits="1598"/><line number="30" hits="1504"/><line number="31" hits="1504"/><line number="32" hits="194016"/><line number="33" hits="1504"/><line number="36" hits="282"/><line number="37" hits="188"/><line number="39" hits="100862"/><line number="44" hits="188"/><line number="45" hits="282"/><line number="48" hits="282"/><line number="49" hits="188"/><line number="50" hits="282"/><line number="54" hits="94"/><line number="55" hits="564"/><line number="56" hits="188"/><line number="57" hits="470"/><line number="58" hits="376"/><line number="60" hits="282"/><line number="64" hits="376"/><line number="65" hits="0"/><line number="66" hits="94"/><line number="70" hits="282"/><line number="73" hits="282"/><line number="74" hits="188"/><line number="75" hits="188"/><line number="76" hits="188"/><line number="77" hits="188"/><line number="78" hits="188"/><line number="80" hits="376"/><line number="81" hits="0"/><line number="82" hits="94"/><line number="85" hits="470"/><line number="88" hits="188"/><line number="90" hits="4042"/><line number="95" hits="188"/><line number="98" hits="376"/><line number="101" hits="282"/><line number="104" hits="376"/><line number="105" hits="94"/><line number="106" hits="188"/><line number="107" hits="470"/><line number="108" hits="188"/><line number="111" hits="1598"/><line number="112" hits="4512"/><line number="113" hits="4512"/><line number="114" hits="6016"/><line number="117" hits="3008"/><line number="118" hits="3008"/><line number="119" hits="103776"/><line number="120" hits="97760"/><line number="121" hits="240640"/><line number="123" hits="1504"/><line number="124" hits="0"/><line number="127" hits="0"/><line number="131" hits="9024"/><line number="134" hits="6016"/><line number="135" hits="4042"/><line number="136" hits="2068"/><line number="137" hits="5076"/><line number="138" hits="2820"/><line number="139" hits="5640"/><line number="141" hits="564"/><line number="143" hits="470"/><line number="146" hits="470"/><line number="148" hits="2914"/><line number="149" hits="8460"/><line number="152" hits="6016"/><line number="153" hits="6016"/><line number="157" hits="376"/><line number="158" hits="94"/><line number="159" hits="188"/><line number="160" hits="470"/><line number="161" hits="188"/><line number="164" hits="94"/></lines></class><class name="common" filename="src/chat/view/timeline/render_entry/common.rs" line-rate="0.975609756097561" branch-rate="0" complexity="0"><methods/><lines><line number="5" hits="177"/><line number="6" hits="354"/><line number="7" hits="16"/><line number="8" hits="2"/><line number="9" hits="1"/><line number="10" hits="9"/><line number="12" hits="37"/><line number="14" hits="2"/><line number="15" hits="110"/><line number="21" hits="52"/><line number="22" hits="104"/><line number="23" hits="0"/><line number="26" hits="152"/><line number="27" hits="100"/><line number="28" hits="4"/><line number="31" hits="95"/><line number="32" hits="156"/><line number="33" hits="29"/><line number="34" hits="54"/><line number="35" hits="14"/><line number="36" hits="10"/><line number="39" hits="22"/><line number="40" hits="77"/><line number="41" hits="6"/><line number="44" hits="2"/><line number="48" hits="135"/><line number="49" hits="135"/><line number="50" hits="45"/><line number="54" hits="48"/><line number="55" hits="48"/><line number="56" hits="2"/><line number="58" hits="94"/><line number="62" hits="31"/><line number="63" hits="31"/><line number="64" hits="2"/><line number="65" hits="29"/><line number="69" hits="3"/><line number="70" hits="9"/><line number="71" hits="4"/><line number="72" hits="1"/><line number="75" hits="6"/></lines></class><class name="fenced_code" filename="src/chat/view/timeline/render_entry/fenced_code.rs" line-rate="1" branch-rate="0" complexity="0"><methods/><lines><line number="4" hits="20"/><line number="10" hits="40"/><line number="11" hits="40"/><line number="12" hits="40"/><line number="13" hits="80"/><line number="14" hits="40"/><line number="15" hits="40"/><line number="17" hits="40"/><line number="18" hits="38"/><line number="19" hits="57"/><line number="20" hits="76"/><line number="21" hits="76"/><line number="23" hits="3"/><line number="25" hits="120"/><line number="27" hits="41"/><line number="28" hits="7"/><line number="30" hits="98"/><line number="31" hits="150"/><line number="32" hits="120"/><line number="33" hits="150"/><line number="34" hits="150"/><line number="35" hits="120"/><line number="36" hits="30"/><line number="41" hits="160"/><line number="42" hits="20"/></lines></class><class name="markdown_body" filename="src/chat/view/timeline/render_entry/markdown_body.rs" line-rate="0.9178082191780822" branch-rate="0" complexity="0"><methods/><lines><line number="11" hits="21"/><line number="19" hits="21"/><line number="20" hits="21"/><line number="21" hits="21"/><line number="22" hits="21"/><line number="23" hits="21"/><line number="24" hits="21"/><line number="25" hits="21"/><line number="29" hits="9"/><line number="38" hits="9"/><line number="39" hits="9"/><line number="40" hits="9"/><line number="41" hits="9"/><line number="42" hits="9"/><line number="43" hits="9"/><line number="44" hits="9"/><line number="48" hits="57"/><line number="56" hits="57"/><line number="57" hits="57"/><line number="58" hits="57"/><line number="59" hits="57"/><line number="60" hits="57"/><line number="61" hits="57"/><line number="62" hits="57"/><line number="66" hits="87"/><line number="75" hits="261"/><line number="76" hits="174"/><line number="77" hits="0"/><line number="80" hits="174"/><line number="81" hits="261"/><line number="83" hits="87"/><line number="85" hits="261"/><line number="86" hits="174"/><line number="88" hits="181"/><line number="89" hits="94"/><line number="90" hits="76"/><line number="91" hits="152"/><line number="92" hits="0"/><line number="93" hits="54"/><line number="94" hits="54"/><line number="95" hits="0"/><line number="97" hits="54"/><line number="99" hits="0"/><line number="100" hits="98"/><line number="101" hits="98"/><line number="102" hits="0"/><line number="104" hits="98"/><line number="107" hits="152"/><line number="108" hits="0"/><line number="110" hits="76"/><line number="111" hits="380"/><line number="112" hits="223"/><line number="113" hits="
[...]
 number="359" hits="30"/><line number="360" hits="34"/><line number="379" hits="90"/><line number="380" hits="0"/><line number="383" hits="45"/><line number="384" hits="346"/><line number="385" hits="4"/><line number="388" hits="45"/><line number="389" hits="11"/><line number="390" hits="14"/><line number="393" hits="4"/><line number="396" hits="0"/><line number="399" hits="7"/><line number="400" hits="7"/><line number="401" hits="10"/><line number="403" hits="10"/><line number="405" hits="2"/><line number="407" hits="4"/><line number="412" hits="19"/><line number="413" hits="19"/><line number="414" hits="9"/><line number="415" hits="10"/><line number="416" hits="0"/><line number="417" hits="0"/><line number="418" hits="0"/><line number="422" hits="63"/><line number="424" hits="189"/><line number="425" hits="189"/><line number="426" hits="189"/><line number="427" hits="189"/><line number="428" hits="126"/><line number="429" hits="126"/><line number="430" hits="126"/><line number="431" hits="126"/><line number="432" hits="126"/><line number="437" hits="56"/><line number="438" hits="112"/><line number="439" hits="112"/><line number="440" hits="112"/><line number="442" hits="86"/><line number="443" hits="30"/><line number="445" hits="168"/><line number="446" hits="112"/><line number="448" hits="86"/><line number="449" hits="30"/><line number="451" hits="112"/></lines></class><class name="helpers" filename="src/chat/app/helpers.rs" line-rate="0.9661016949152542" branch-rate="0" complexity="0"><methods/><lines><line number="4" hits="190"/><line number="5" hits="380"/><line number="6" hits="569"/><line number="8" hits="189"/><line number="10" hits="2"/><line number="13" hits="77"/><line number="14" hits="231"/><line number="15" hits="231"/><line number="21" hits="387"/><line number="22" hits="1161"/><line number="23" hits="774"/><line number="24" hits="0"/><line number="27" hits="774"/><line number="29" hits="1179"/><line number="32" hits="1562"/><line number="33" hits="790"/><line number="34" hits="2"/><line number="36" hits="786"/><line number="37" hits="2"/><line number="39" hits="1171"/><line number="40" hits="6"/><line number="41" hits="2"/><line number="42" hits="6"/><line number="44" hits="2"/><line number="48" hits="1524"/><line number="49" hits="3"/><line number="50" hits="1"/><line number="53" hits="7"/><line number="54" hits="14"/><line number="56" hits="61"/><line number="57" hits="21"/><line number="58" hits="21"/><line number="61" hits="9"/><line number="62" hits="27"/><line number="63" hits="27"/><line number="64" hits="15"/><line number="67" hits="59"/><line number="68" hits="177"/><line number="69" hits="56"/><line number="72" hits="6"/><line number="74" hits="6"/><line number="75" hits="3"/><line number="76" hits="9"/><line number="78" hits="3"/><line number="81" hits="34"/><line number="82" hits="68"/><line number="85" hits="24"/><line number="86" hits="120"/><line number="87" hits="48"/><line number="91" hits="188"/><line number="92" hits="564"/><line number="93" hits="564"/><line number="94" hits="188"/><line number="97" hits="376"/><line number="98" hits="376"/><line number="99" hits="376"/><line number="100" hits="188"/><line number="101" hits="564"/><line number="103" hits="0"/></lines></class><class name="model_metadata" filename="src/chat/app/model_metadata.rs" line-rate="0.8705882352941177" branch-rate="0" complexity="0"><methods/><lines><line number="40" hits="188"/><line number="44" hits="564"/><line number="46" hits="376"/><line number="56" hits="376"/><line number="57" hits="376"/><line number="59" hits="188"/><line number="66" hits="5"/><line number="67" hits="15"/><line number="68" hits="10"/><line number="69" hits="10"/><line number="70" hits="10"/><line number="71" hits="10"/><line number="72" hits="15"/><line number="76" hits="58"/><line number="77" hits="116"/><line number="78" hits="174"/><line number="80" hits="102"/><line number="81" hits="16"/><line number="86" hits="7"/><line number="87" hits="21"/><line number="91" hits="4"/><line number="92" hits="8"/><line number="97" hits="13"/><line number="98" hits="13"/><line number="99" hits="0"/><line number="102" hits="13"/><line number="103" hits="13"/><line number="105" hits="13"/><line number="107" hits="0"/><line number="108" hits="0"/><line number="111" hits="28"/><line number="112" hits="0"/><line number="115" hits="13"/><line number="116" hits="13"/><line number="117" hits="13"/><line number="118" hits="26"/><line number="119" hits="39"/><line number="120" hits="52"/><line number="124" hits="39"/><line number="126" hits="13"/><line number="127" hits="13"/><line number="128" hits="13"/><line number="130" hits="26"/><line number="131" hits="26"/><line number="132" hits="39"/><line number="133" hits="13"/><line number="135" hits="26"/><line number="139" hits="58"/><line number="140" hits="58"/><line number="141" hits="28"/><line number="142" hits="28"/><line number="143" hits="84"/><line number="145" hits="54"/><line number="148" hits="4"/><line number="149" hits="4"/><line number="151" hits="4"/><line number="153" hits="9"/><line number="154" hits="3"/><line number="155" hits="3"/><line number="156" hits="4"/><line number="157" hits="1"/><line number="159" hits="1"/><line number="161" hits="0"/><line number="162" hits="0"/><line number="163" hits="0"/><line number="164" hits="0"/><line number="165" hits="0"/><line number="166" hits="0"/><line number="168" hits="4"/><line number="169" hits="1"/><line number="170" hits="1"/><line number="174" hits="58"/><line number="175" hits="66"/><line number="176" hits="4"/><line number="177" hits="0"/><line number="179" hits="8"/><line number="180" hits="4"/><line number="181" hits="8"/><line number="182" hits="8"/><line number="183" hits="8"/><line number="184" hits="8"/><line number="185" hits="4"/><line number="186" hits="4"/><line number="187" hits="4"/><line number="188" hits="4"/></lines></class><class name="turns" filename="src/chat/app/turns.rs" line-rate="0.9603960396039604" branch-rate="0" complexity="0"><methods/><lines><line number="4" hits="53"/><line number="5" hits="159"/><line number="8" hits="2"/><line number="9" hits="6"/><line number="12" hits="6"/><line number="13" hits="18"/><line number="14" hits="12"/><line number="17" hits="55"/><line number="18" hits="165"/><line number="19" hits="110"/><line number="20" hits="1"/><line number="23" hits="54"/><line number="24" hits="52"/><line number="25" hits="39"/><line number="26" hits="111"/><line number="28" hits="33"/><line number="29" hits="0"/><line number="30" hits="0"/><line number="31" hits="0"/><line number="33" hits="11"/><line number="36" hits="172"/><line number="38" hits="43"/><line number="40" hits="50"/><line number="45" hits="43"/><line number="46" hits="2"/><line number="47" hits="2"/><line number="48" hits="1"/><line number="49" hits="1"/><line number="50" hits="1"/><line number="53" hits="42"/><line number="56" hits="84"/><line number="57" hits="13"/><line number="59" hits="9"/><line number="61" hits="39"/><line number="62" hits="13"/><line number="65" hits="58"/><line number="66" hits="0"/><line number="70" hits="6"/><line number="71" hits="18"/><line number="72" hits="12"/><line number="73" hits="6"/><line number="76" hits="6"/><line number="77" hits="6"/><line number="78" hits="24"/><line number="81" hits="9"/><line number="82" hits="9"/><line number="83" hits="18"/><line number="84" hits="9"/><line number="86" hits="10"/><line number="87" hits="1"/><line number="88" hits="4"/><line number="91" hits="1"/><line number="92" hits="1"/><line number="95" hits="8"/><line number="98" hits="41"/><line number="99" hits="82"/><line number="100" hits="164"/><line number="101" hits="123"/><line number="102" hits="82"/><line number="104" hits="82"/><line number="105" hits="164"/><line number="106" hits="41"/><line number="109" hits="79"/><line number="111" hits="38"/><line number="112" hits="38"/><line number="114" hits="38"/><line number="115" hits="152"/><line number="116" hits="79"/><line number="117" hits="3"/><line number="118" hits="3"/><line number="119" hits="6"/><line number="120" hits="3"/><line number="121" hits="9"/><line number="122" hits="3"/><line number="123" hits="3"/><line number="125" hits="35"/><line number="127" hits="6"/><line number="130" hits="38"/><line number="131" hits="38"/><line number="136" hits="34"/><line number="137" hits="50"/><line number="138" hits="12"/><line number="140" hits="20"/><line number="141" hits="20"/><line number="143" hits="36"/><line number="144" hits="8"/><line number="151" hits="10"/><line number="152" hits="30"/><line number="155" hits="53"/><line number="156" hits="159"/><line number="157" hits="53"/><line number="158" hits="4"/><line number="159" hits="8"/><line number="160" hits="4"/><line number="161" hits="4"/><line number="165" hits="54"/><line number="166" hits="5"/><line number="167" hits="15"/><line number="168" hits="5"/><line number="169" hits="10"/><line number="170" hits="5"/><line number="172" hits="5"/><line number="176" hits="44"/><line number="177" hits="1"/><line number="178" hits="3"/><line number="179" hits="1"/><line number="180" hits="2"/><line number="181" hits="1"/><line number="183" hits="1"/><line number="188" hits="129"/><line number="189" hits="43"/><line number="197" hits="6"/><line number="198" hits="6"/><line number="208" hits="7"/><line number="209" hits="21"/><line number="210" hits="14"/><line number="211" hits="1"/><line number="214" hits="18"/><line number="215" hits="42"/><line number="216" hits="12"/><line number="217" hits="2"/><line number="220" hits="16"/><line number="221" hits="4"/><line number="224" hits="20"/><line number="225" hits="60"/><line number="226" hits="20"/><line number="229" hits="4"/><line number="230" hits="12"/><line number="231" hits="8"/><line number="232" hits="0"/><line number="235" hits="4"/><line number="236" hits="0"/><line number="239" hits="8"/><line number="240" hits="25"/><line number="241" hits="22"/><line number="242" hits="10"/><line number="244" hits="10"/><line number="248" hits="8"/><line number="249" hits="4"/><line number="251" hits="4"/><line number="254" hits="4"/><line number="257" hits="19"/><line number="258" hits="76"/><line number="259" hits="61"/><line number="260" hits="8"/><line number="263" hits="17"/><line number="264" hits="51"/><line number="265" hits="34"/><line number="266" hits="2"/><line number="269" hits="30"/><line number="270" hits="45"/><line number="271" hits="100"/><line number="275" hits="45"/><line number="276" hits="10"/><line number="279" hits="5"/><line number="282" hits="20"/><line number="288" hits="64"/><line number="289" hits="48"/><line number="290" hits="74"/><line number="291" hits="48"/><line number="292" hits="50"/><line number="309" hits="24"/><line number="311" hits="144"/><line number="312" hits="0"/><line number="315" hits="72"/><line number="316" hits="620"/><line number="317" hits="4"/><line number="319" hits="20"/><line number="324" hits="20"/><line number="325" hits="60"/><line number="326" hits="40"/><line number="327" hits="20"/><line number="328" hits="418"/><line number="329" hits="266"/><line number="331" hits="19"/><line number="335" hits="3"/><line number="336" hits="1"/><line number="339" hits="1"/><line number="342" hits="33"/><line number="348" hits="99"/><line number="349" hits="56"/><line number="351" hits="15"/><line number="352" hits="5"/><line number="353" hits="10"/><line number="355" hits="33"/><line number="356" hits="33"/><line number="358" hits="66"/><line number="359" hits="0"/><line number="361" hits="33"/><line number="365" hits="27"/><line number="366" hits="81"/><line number="367" hits="81"/><line number="368" hits="200"/><line number="369" hits="92"/><line number="373" hits="27"/><line number="376" hits="23"/><line number="377" hits="69"/><line number="380" hits="60"/><line number="381" hits="296"/><line number="382" hits="232"/><line number="383" hits="94"/><line number="384" hits="94"/></lines></class></classes></package><package name="src/observability" line-rate="0.9919678714859438" branch-rate="0" complexity="0"><classes><class name="debug" filename="src/observability/debug.rs" line-rate="0.987012987012987" branch-rate="0" complexity="0"><methods/><lines><line number="33" hits="188"/><line number="34" hits="564"/><line number="35" hits="188"/><line number="37" hits="376"/><line number="38" hits="376"/><line number="40" hits="188"/><line number="41" hits="188"/><line number="42" hits="564"/><line number="43" hits="188"/><line number="45" hits="564"/><line number="46" hits="564"/><line number="60" hits="376"/><line number="64" hits="188"/><line number="65" hits="188"/><line number="67" hits="188"/><line number="70" hits="43"/><line number="71" hits="86"/><line number="72" hits="129"/><line number="73" hits="43"/><line number="74" hits="86"/><line number="75" hits="86"/><line number="76" hits="86"/><line number="78" hits="129"/><line number="79" hits="129"/><line number="83" hits="86"/><line number="84" hits="86"/><line number="85" hits="43"/><line number="86" hits="43"/><line number="87" hits="43"/><line number="88" hits="43"/><line number="94" hits="88"/><line number="103" hits="121"/><line number="104" hits="66"/><line number="105" hits="135"/><line number="106" hits="23"/><line number="109" hits="94"/><line number="110" hits="12"/><line number="113" hits="391"/><line number="114" hits="39"/><line number="115" hits="39"/><line number="118" hits="264"/><line number="119" hits="264"/><line number="123" hits="176"/><line number="124" hits="176"/><line number="125" hits="264"/><line number="126" hits="264"/><line number="127" hits="88"/><line number="128" hits="88"/><line number="129" hits="88"/><line number="130" hits="88"/><line number="131" hits="88"/><line number="132" hits="88"/><line number="133" hits="88"/><line number="134" hits="88"/><line number="140" hits="264"/><line number="141" hits="264"/><line number="142" hits="264"/><line number="143" hits="264"/><line number="144" hits="264"/><line number="145" hits="264"/><line number="146" hits="264"/><line number="147" hits="88"/><line number="152" hits="31"/><line number="158" hits="55"/><line number="159" hits="7"/><line number="162" hits="72"/><line number="163" hits="72"/><line number="167" hits="48"/><line number="168" hits="48"/><line number="169" hits="24"/><line number="170" hits="24"/><line number="171" hits="24"/><line number="172" hits="24"/><line number="173" hits="24"/><line number="178" hits="48"/><line number="179" hits="48"/><line number="180" hits="24"/><line number="181" hits="48"/><line number="184" hits="6"/><line number="185" hits="6"/><line number="187" hits="18"/><line number="190" hits="90"/><line number="191" hits="90"/><line number="192" hits="172"/><line number="193" hits="158"/><line number="194" hits="152"/><line number="195" hits="76"/><line number="197" hits="76"/><line number="200" hits="42"/><line number="202" hits="36"/><line number="203" hits="22"/><line number="205" hits="24"/><line number="206" hits="10"/><line number="208" hits="14"/><line number="209" hits="0"/><line number="211" hits="14"/><line number="212" hits="0"/><line number="215" hits="28"/><line number="218" hits="4"/><line number="219" hits="8"/><line number="220" hits="8"/><line number="221" hits="4"/><line number="222" hits="4"/><line number="223" hits="8"/><line number="224" hits="4"/><line number="227" hits="8"/><line number="228" hits="12"/><line number="229" hits="4"/><line number="230" hits="4"/><line number="231" hits="4"/><line number="232" hits="4"/><line number="234" hits="28"/><line number="236" hits="16"/><line number="237" hits="16"/><line number="238" hits="16"/><line number="239" hits="16"/><line number="240" hits="16"/><line number="241" hits="16"/><line number="245" hits="16"/><line number="246" hits="56"/><line number="247" hits="16"/><line number="248" hits="16"/><line number="249" hits="8"/><line number="251" hits="16"/><line number="252" hits="8"/><line number="254" hits="16"/><line number="255" hits="8"/><line number="257" hits="24"/><line number="261" hits="8"/><line number="264" hits="188"/><line number="265" hits="564"/><line number="266" hits="376"/><line number="296" hits="347"/><line number="297" hits="694"/><line number="302" hits="43"/><line number="303" hits="215"/><line number="306" hits="88"/><line number="315" hits="176"/><line number="316" hits="88"/><line number="317" hits="88"/><line number="318" hits="88"/><line number="319" hits="88"/><line number="320" hits="88"/><line number="321" hits="88"/><line number="325" hits="31"/><line number="326" hits="155"/><line number="329" hits="6"/><line number="330" hits="12"/><line number="333" hits="90"/><line number="334" hits="270"/><line number="338" hits="155"/><line number="339" hits="155"/><line number="340" hits="155"/><line number="341" hits="465"/></lines></class><class name="logging" filename="src/observability/logging.rs" line-rate="1" branch-rate="0" complexity="0"><methods/><lines><line number="25" hits="188"/><line number="26" hits="564"/><line number="27" hits="564"/><line number="28" hits="188"/><line number="48" hits="345"/><line number="60" hits="345"/><line number="61" hits="345"/><line number="62" hits="345"/><line number="63" hits="345"/><line number="64" hits="345"/><line number="65" hits="690"/><line number="66" hits="690"/><line number="67" hits="690"/><line number="68" hits="690"/><line number="69" hits="345"/><line number="70" hits="345"/><line number="75" hits="425"/><line number="84" hits="1275"/><line number="86" hits="850"/><line number="87" hits="2125"/><line number="88" hits="2125"/><line number="89" hits="2125"/><line number="90" hits="2125"/><line number="91" hits="2125"/><line number="93" hits="427"/><line number="94" hits="5"/><line number="96" hits="499"/><line number="97" hits="185"/><line number="99" hits="539"/><line number="100" hits="285"/><line number="102" hits="427"/><line number="103" hits="5"/><line number="105" hits="473"/><line number="106" hits="120"/><line number="108" hits="539"/><line number="109" hits="285"/><line number="113" hits="2947"/><line number="114" hits="1247"/><line number="115" hits="2055"/><line number="119" hits="850"/><line number="120" hits="425"/><line number="121" hits="2097"/><line number="122" hits="1247"/><line number="123" hits="2055"/><line number="126" hits="551"/><line number="127" hits="315"/><line number="129" hits="463"/><line number="130" hits="95"/><line number="132" hits="439"/><line number="133" hits="35"/><line number="136" hits="850"/><line number="140" hits="17"/><line number="152" hits="17"/><line number="153" hits="17"/><line number="154" hits="17"/><line number="155" hits="17"/><line number="156" hits="17"/><line number="157" hits="34"/><line number="158" hits="34"/><line number="159" hits="34"/><line number="160" hits="34"/><line number="161" hits="17"/><line number="162" hits="17"/><line number="167" hits="80"/><line number="174" hits="80"/><line number="175" hits="480"/><line number="178" hits="193"/><line number="181" hits="425"/><line number="182" hits="425"/><line number="183" hits="425"/><line number="184" hits="1275"/><line number="189" hits="376"/><line number="194" hits="1128"/><line number="195" hits="409"/><line number="196" hits="66"/><line number="200" hits="686"/><line number="201" hits="343"/><line number="203" hits="343"/><line number="204" hits="343"/><line number="205" hits="343"/><line number="206" hits="343"/><line number="207" hits="343"/><line number="208" hits="343"/><line number="210" hits="686"/><line number="213" hits="423"/><line number="214" hits="846"/><line number="224" hits="42"/><line number="225" hits="126"/><line number="226" hits="62"/><line number="227" hits="20"/><line number="273" hits="9"/><line number="276" hits="18"/><line number="277" hits="18"/><line number="278" hits="27"/><line number="279" hits="9"/></lines></class></classes></package></packages></coverage>