<?xml version="1.0"?><coverage lines-covered="4629" lines-valid="4911" line-rate="0.9425778863775198" branches-covered="0" branches-valid="0" branch-rate="0" complexity="0" version="1.9" timestamp="1777364315"><sources><source>/home/lx/blazar</source></sources><packages><package name="src/provider" line-rate="0.9617486338797814" branch-rate="0" complexity="0"><classes><class name="echo" filename="src/provider/echo.rs" line-rate="0.8666666666666667" branch-rate="0" complexity="0"><methods/><lines><line number="15" hits="202"/><line number="21" hits="10"/><line number="27" hits="53"/><line number="34" hits="159"/><line number="37" hits="105"/><line number="38" hits="102"/><line number="39" hits="1"/><line number="43" hits="106"/><line number="44" hits="159"/><line number="45" hits="1717"/><line number="46" hits="6656"/><line number="47" hits="0"/><line number="49" hits="1664"/><line number="50" hits="0"/><line number="53" hits="106"/></lines></class><class name="mod" filename="src/provider/mod.rs" line-rate="0.9272727272727272" branch-rate="0" complexity="0"><methods/><lines><line number="29" hits="15"/><line number="30" hits="45"/><line number="38" hits="5"/><line number="39" hits="10"/><line number="42" hits="202"/><line number="43" hits="404"/><line number="120" hits="3"/><line number="121" hits="3"/><line number="129" hits="202"/><line number="130" hits="202"/><line number="131" hits="200"/><line number="132" hits="600"/><line number="133" hits="400"/><line number="134" hits="200"/><line number="136" hits="755"/><line number="137" hits="600"/><line number="138" hits="0"/><line number="140" hits="1200"/><line number="142" hits="200"/><line number="143" hits="400"/><line number="144" hits="0"/><line number="145" hits="0"/><line number="146" hits="0"/><line number="150" hits="4"/><line number="184" hits="14"/><line number="185" hits="56"/><line number="189" hits="24"/><line number="192" hits="72"/><line number="193" hits="48"/><line number="195" hits="24"/><line number="199" hits="10"/><line number="203" hits="30"/><line number="204" hits="10"/><line number="208" hits="20"/><line number="210" hits="83"/><line number="211" hits="11"/><line number="212" hits="4"/><line number="213" hits="16"/><line number="214" hits="16"/><line number="215" hits="8"/><line number="217" hits="2"/><line number="221" hits="27"/><line number="222" hits="18"/><line number="223" hits="18"/><line number="224" hits="27"/><line number="230" hits="18"/><line number="234" hits="18"/><line number="236" hits="44"/><line number="237" hits="18"/><line number="240" hits="1"/><line number="241" hits="3"/><line number="242" hits="3"/><line number="245" hits="214"/><line number="246" hits="428"/><line number="248" hits="214"/></lines></class><class name="openai_compat_helpers" filename="src/provider/openai_compat_helpers.rs" line-rate="0.9911504424778761" branch-rate="0" complexity="0"><methods/><lines><line number="6" hits="9"/><line number="7" hits="18"/><line number="8" hits="33"/><line number="9" hits="15"/><line number="10" hits="10"/><line number="11" hits="15"/><line number="12" hits="5"/><line number="13" hits="5"/><line number="14" hits="5"/><line number="19" hits="19"/><line number="20" hits="10"/><line number="22" hits="19"/><line number="23" hits="10"/><line number="25" hits="18"/><line number="26" hits="19"/><line number="27" hits="10"/><line number="29" hits="27"/><line number="30" hits="18"/><line number="35" hits="26"/><line number="36" hits="26"/><line number="37" hits="52"/><line number="38" hits="0"/><line number="42" hits="26"/><line number="43" hits="78"/><line number="44" hits="52"/><line number="45" hits="104"/><line number="46" hits="26"/><line number="48" hits="26"/><line number="49" hits="26"/><line number="52" hits="52"/><line number="53" hits="52"/><line number="54" hits="52"/><line number="55" hits="26"/><line number="56" hits="26"/><line number="59" hits="52"/><line number="60" hits="26"/><line number="62" hits="130"/><line number="63" hits="130"/><line number="64" hits="104"/><line number="65" hits="78"/><line number="68" hits="52"/><line number="71" hits="57"/><line number="72" hits="228"/><line number="73" hits="114"/><line number="74" hits="57"/><line number="77" hits="57"/><line number="78" hits="2"/><line number="81" hits="220"/><line number="82" hits="110"/><line number="83" hits="110"/><line number="84" hits="1"/><line number="86" hits="54"/><line number="90" hits="39"/><line number="94" hits="78"/><line number="95" hits="78"/><line number="97" hits="144"/><line number="98" hits="70"/><line number="100" hits="33"/><line number="101" hits="33"/><line number="102" hits="33"/><line number="103" hits="33"/><line number="104" hits="99"/><line number="105" hits="99"/><line number="106" hits="99"/><line number="107" hits="33"/><line number="108" hits="99"/><line number="109" hits="33"/><line number="112" hits="33"/><line number="114" hits="37"/><line number="118" hits="39"/><line number="124" hits="28"/><line number="125" hits="56"/><line number="126" hits="1"/><line number="129" hits="81"/><line number="132" hits="589"/><line number="133" hits="197"/><line number="134" hits="365"/><line number="138" hits="54"/><line number="139" hits="32"/><line number="140" hits="10"/><line number="143" hits="81"/><line number="144" hits="2"/><line number="145" hits="1"/><line number="146" hits="1"/><line number="147" hits="1"/><line number="148" hits="9"/><line number="149" hits="2"/><line number="150" hits="2"/><line number="153" hits="54"/><line number="156" hits="26"/><line number="160" hits="26"/><line number="161" hits="10"/><line number="163" hits="32"/><line number="164" hits="5"/><line number="166" hits="11"/><line number="170" hits="16"/><line number="171" hits="48"/><line number="172" hits="48"/><line number="174" hits="88"/><line number="175" hits="72"/><line number="177" hits="29"/><line number="178" hits="29"/><line number="179" hits="29"/><line number="180" hits="29"/><line number="181" hits="145"/><line number="184" hits="27"/><line number="185" hits="27"/><line number="188" hits="135"/><line number="189" hits="162"/><line number="190" hits="54"/><line number="191" hits="5"/><line number="195" hits="16"/><line number="199" hits="11"/></lines></class></classes></package><package name="src/agent/runtime" line-rate="0.9588336192109777" branch-rate="0" complexity="0"><classes><class name="events" filename="src/agent/runtime/events.rs" line-rate="1" branch-rate="0" complexity="0"><methods/><lines><line number="36" hits="1861"/><line number="37" hits="5583"/><line number="38" hits="1861"/><line number="42" hits="4"/><line number="43" hits="12"/><line number="44" hits="4"/><line number="48" hits="1"/><line number="49" hits="3"/><line number="50" hits="2"/><line number="51" hits="1"/><line number="52" hits="1"/><line number="56" hits="135"/><line number="64" hits="405"/><line number="65" hits="405"/><line number="66" hits="405"/><line number="67" hits="270"/><line number="68" hits="405"/><line number="69" hits="270"/><line number="70" hits="135"/><line number="71" hits="135"/><line number="75" hits="135"/><line number="76" hits="405"/><line number="77" hits="405"/><line number="78" hits="270"/><line number="79" hits="135"/><line number="83" hits="4"/><line number="84" hits="12"/><line number="85" hits="8"/><line number="86" hits="4"/><line number="97" hits="2"/><line number="98" hits="2"/><line number="99" hits="2"/><line number="101" hits="1"/><line number="111" hits="2"/><line number="112" hits="2"/></lines></class><class name="executor" filename="src/agent/runtime/executor.rs" line-rate="0.9487179487179487" branch-rate="0" complexity="0"><methods/><lines><line number="28" hits="129"/><line number="35" hits="387"/><line number="36" hits="258"/><line number="37" hits="258"/><line number="39" hits="258"/><line number="41" hits="258"/><line number="42" hits="387"/><line number="44" hits="661"/><line number="45" hits="274"/><line number="46" hits="1"/><line number="49" hits="408"/><line number="50" hits="272"/><line number="51" hits="136"/><line number="52" hits="136"/><line number="53" hits="408"/><line number="54" hits="136"/><line number="55" hits="136"/><line number="56" hits="272"/><line number="57" hits="136"/><line number="58" hits="136"/><line number="62" hits="136"/><line number="63" hits="108"/><line number="64" hits="108"/><line number="65" hits="108"/><line number="66" hits="54"/><line number="67" hits="54"/><line number="69" hits="54"/><line number="72" hits="82"/><line number="73" hits="82"/><line number="74" hits="82"/><line number="76" hits="246"/><line number="77" hits="164"/><line number="78" hits="82"/><line number="79" hits="246"/><line number="80" hits="410"/><line number="81" hits="86"/><line number="82" hits="16"/><line number="83" hits="12"/><line number="84" hits="4"/><line number="85" hits="4"/><line number="89" hits="246"/><line number="90" hits="164"/><line number="91" hits="82"/><line number="92" hits="164"/><line number="93" hits="82"/><line number="94" hits="82"/><line number="102" hits="258"/><line number="103" hits="375"/><line number="104" hits="82"/><line number="108" hits="258"/><line number="110" hits="258"/><line number="112" hits="265"/><line number="113" hits="272"/><line number="114" hits="0"/><line number="116" hits="136"/><line number="122" hits="129"/><line number="126" hits="136"/><line number="127" hits="272"/><line number="129" hits="156"/><line number="130" hits="20"/><line number="133" hits="40"/><line number="137" hits="136"/><line number="138" hits="136"/><line number="141" hits="20"/><line number="142" hits="20"/><line number="143" hits="17"/><line number="144" hits="1"/><line number="145" hits="2"/><line number="149" hits="82"/><line number="154" hits="246"/><line number="155" hits="246"/><line number="156" hits="0"/><line number="160" hits="136"/><line number="161" hits="272"/><line number="162" hits="272"/><line number="163" hits="135"/><line number="167" hits="0"/><line number="168" hits="0"/></lines></class><class name="json_repair" filename="src/agent/runtime/json_repair.rs" line-rate="0.9905660377358491" branch-rate="0" complexity="0"><methods/><lines><line number="13" hits="164"/><line number="14" hits="492"/><line number="17" hits="167"/><line number="18" hits="6"/><line number="20" hits="12"/><line number="21" hits="12"/><line number="25" hits="328"/><line number="26" hits="164"/><line number="27" hits="9"/><line number="28" hits="15"/><line number="30" hits="12"/><line number="33" hits="158"/><line number="43" hits="168"/><line number="45" hits="840"/><line number="46" hits="672"/><line number="49" hits="306"/><line number="50" hits="138"/><line number="51" hits="138"/><line number="52" hits="138"/><line number="58" hits="34"/><line number="59" hits="8"/><line number="61" hits="4"/><line number="63" hits="0"/><line number="65" hits="4"/><line number="66" hits="4"/><line number="67" hits="4"/><line number="73" hits="78"/><line number="74" hits="0"/><line number="79" hits="151"/><line number="80" hits="453"/><line number="86" hits="177"/><line number="87" hits="531"/><line number="89" hits="845"/><line number="90" hits="346"/><line number="91" hits="519"/><line number="93" hits="519"/><line number="94" hits="346"/><line number="95" hits="346"/><line number="96" hits="346"/><line number="98" hits="4055"/><line number="99" hits="1595"/><line number="100" hits="923"/><line number="101" hits="9"/><line number="102" hits="9"/><line number="104" hits="923"/><line number="105" hits="9"/><line number="106" hits="1013"/><line number="107" hits="99"/><line number="110" hits="914"/><line number="112" hits="381"/><line number="113" hits="106"/><line number="114" hits="1121"/><line number="115" hits="705"/><line number="116" hits="162"/><line number="117" hits="162"/><line number="118" hits="161"/><line number="119" hits="161"/><line number="122" hits="219"/><line number="126" hits="1038"/><line number="127" hits="519"/><line number="128" hits="519"/><line number="130" hits="686"/><line number="131" hits="3"/><line number="135" hits="506"/><line number="136" hits="162"/><line number="138" hits="8"/><line number="145" hits="36"/><line number="146" hits="108"/><line number="147" hits="108"/><line number="148" hits="72"/><line number="149" hits="72"/><line number="150" hits="72"/><line number="152" hits="1110"/><line number="153" hits="1074"/><line number="154" hits="695"/><line number="155" hits="8"/><line number="156" hits="24"/><line number="157" hits="8"/><line number="159" hits="687"/><line number="160" hits="8"/><line number="161" hits="16"/><line number="162" hits="8"/><line number="164" hits="679"/><line number="165" hits="70"/><line number="166" hits="140"/><line number="167" hits="70"/><line number="170" hits="609"/><line number="171" hits="10"/><line number="172" hits="10"/><line number="173" hits="15"/><line number="174" hits="3"/><line number="175" hits="9"/><line number="176" hits="1"/><line number="178" hits="2"/><line number="181" hits="10"/><line number="183" hits="1797"/><line number="185" hits="456"/><line number="186" hits="77"/><line number="188" hits="1137"/><line number="192" hits="72"/><line number="197" hits="21"/><line number="198" hits="63"/><line number="199" hits="46"/><line number="200" hits="1"/><line number="203" hits="60"/><line number="204" hits="60"/><line number="205" hits="40"/><line number="206" hits="40"/><line number="208" hits="534"/><line number="209" hits="514"/><line number="210" hits="382"/><line number="211" hits="13"/><line number="212" hits="13"/><line number="214" hits="369"/><line number="215" hits="14"/><line number="216" hits="14"/><line number="218" hits="382"/><line number="219" hits="27"/><line number="221" hits="355"/><line number="224" hits="132"/><line number="225" hits="38"/><line number="226" hits="50"/><line number="227" hits="22"/><line number="229" hits="15"/><line number="230" hits="5"/><line number="231" hits="2"/><line number="234" hits="53"/><line number="239" hits="29"/><line number="240" hits="1"/><line number="243" hits="51"/><line number="244" hits="51"/><line number="246" hits="27"/><line number="247" hits="10"/><line number="249" hits="94"/><line number="250" hits="60"/><line number="253" hits="34"/><line number="254" hits="1"/><line number="257" hits="48"/><line number="258" hits="48"/><line number="259" hits="16"/><line number="260" hits="1"/><line number="263" hits="15"/><line number="268" hits="17"/><line number="269" hits="51"/><line number="270" hits="68"/><line number="271" hits="34"/><line number="272" hits="34"/><line number="273" hits="34"/><line number="275" hits="1367"/><line number="276" hits="658"/><line number="277" hits="554"/><line number="278" hits="24"/><line number="279" hits="72"/><line number="280" hits="24"/><line number="282" hits="530"/><line number="283" hits="78"/><line number="284" hits="15"/><line number="285" hits="15"/><line number="287" hits="24"/><line number="288" hits="48"/><line number="289" hits="24"/><line number="291" hits="515"/><line number="292" hits="24"/><line number="294" hits="1473"/><line number="295" hits="491"/><line number="298" hits="137"/><line number="299" hits="33"/><line number="301" hits="312"/><line number="304" hits="34"/><line number="310" hits="19"/><line number="311" hits="57"/><line number="312" hits="76"/><line number="313" hits="38"/><line number="314" hits="38"/><line number="315" hits="38"/><line number="317" hits="1459"/><line number="318" hits="701"/><line number="319" hits="581"/><line number="320" hits="12"/><line number="321" hits="36"/><line number="322" hits="12"/><line number="324" hits="569"/><line number="325" hits="12"/><line number="326" hits="36"/><line number="327" hits="12"/><line number="329" hits="557"/><line number="330" hits="200"/><line number="331" hits="58"/><line number="332" hits="58"/><line number="334" hits="56"/><line number="335" hits="84"/><line number="336" hits="28"/><line number="338" hits="57"/><line number="340" hits="1500"/><line number="341" hits="500"/><line number="344" hits="158"/><line number="345" hits="38"/><line number="347" hits="360"/><line number="350" hits="19"/><line number="351" hits="10"/><line number="354" hits="27"/><line number="357" hits="59"/><line number="358" hits="177"/><line number="359" hits="274"/><line number="360" hits="8"/><line number="362" hits="118"/><line number="363" hits="1"/><line number="366" hits="86"/><line number="370" hits="2"/><line number="371" hits="4"/><line number="372" hits="2"/><line number="373" hits="1"/></lines></class><class name="scheduler" filename="src/agent/runtime/scheduler.rs" line-rate="0.8921568627450981" branch-rate="0" complexity="0"><methods/><lines><line number="42" hits="158"/><line number="48" hits="474"/><line number="49" hits="158"/><line number="50" hits="136"/><line number="51" hits="680"/><line number="53" hits="136"/><line number="54" hits="136"/><line number="55" hits="136"/><line number="56" hits="136"/><line number="57" hits="136"/><line number="58" hits="136"/><line number="61" hits="22"/><line number="62" hits="22"/><line number="63" hits="43"/><line number="64" hits="28"/><line number="66" hits="14"/><line number="68" hits="0"/><line number="70" hits="70"/><line number="71" hits="14"/><line number="72" hits="14"/><line number="73" hits="14"/><line number="74" hits="14"/><line number="76" hits="14"/><line number="77" hits="14"/><line number="81" hits="32"/><line number="82" hits="40"/><line number="83" hits="8"/><line number="85" hits="8"/><line number="88" hits="0"/><line number="91" hits="16"/><line number="93" hits="2"/><line number="94" hits="2"/><line number="95" hits="2"/><line number="96" hits="2"/><line number="97" hits="2"/><line number="98" hits="2"/><line number="101" hits="12"/><line number="112" hits="8"/><line number="116" hits="8"/><line number="122" hits="15"/><line number="123" hits="23"/><line number="124" hits="16"/><line number="125" hits="2"/><line number="127" hits="11"/><line number="128" hits="10"/><line number="130" hits="3"/><line number="132" hits="6"/><line number="133" hits="6"/><line number="135" hits="1"/><line number="137" hits="4"/><line number="138" hits="4"/><line number="139" hits="4"/><line number="141" hits="2"/><line number="142" hits="2"/><line number="143" hits="2"/><line number="148" hits="11"/><line number="149" hits="8"/><line number="150" hits="2"/><line number="152" hits="2"/><line number="153" hits="0"/><line number="155" hits="0"/><line number="157" hits="4"/><line number="158" hits="4"/><line number="160" hits="2"/><line number="162" hits="0"/><line number="163" hits="0"/><line number="164" hits="0"/><line number="166" hits="0"/><line number="167" hits="0"/><line number="168" hits="0"/><line number="173" hits="6"/><line number="174" hits="6"/><line number="176" hits="2"/><line number="179" hits="1"/><line number="182" hits="150"/><line number="190" hits="450"/><line number="191" hits="300"/><line number="192" hits="450"/><line number="193" hits="300"/><line number="196" hits="450"/><line number="198" hits="54"/><line number="204" hits="54"/><line number="207" hits="192"/><line number="208" hits="288"/><line number="210" hits="96"/><line number="214" hits="96"/><line number="227" hits="135"/><line number="228" hits="270"/><line number="229" hits="270"/><line number="231" hits="289"/><line number="232" hits="492"/><line number="233" hits="292"/><line number="235" hits="32"/><line number="236" hits="16"/><line number="240" hits="270"/><line number="241" hits="270"/><line number="244" hits="135"/><line number="247" hits="19"/><line number="248" hits="38"/><line number="249" hits="0"/><line number="252" hits="58"/><line number="253" hits="80"/></lines></class><class name="turn" filename="src/agent/runtime/turn.rs" line-rate="0.9551282051282052" branch-rate="0" complexity="0"><methods/><lines><line number="34" hits="29"/><line number="35" hits="87"/><line number="36" hits="29"/><line number="37" hits="17"/><line number="38" hits="16"/><line number="39" hits="15"/><line number="40" hits="14"/><line number="41" hits="13"/><line number="49" hits="113"/><line number="57" hits="339"/><line number="58" hits="226"/><line number="60" hits="339"/><line number="61" hits="339"/><line number="62" hits="339"/><line number="65" hits="480"/><line number="66" hits="0"/><line number="67" hits="0"/><line number="71" hits="240"/><line number="72" hits="240"/><line number="73" hits="240"/><line number="74" hits="240"/><line number="75" hits="240"/><line number="76" hits="240"/><line number="79" hits="240"/><line number="81" hits="442"/><line number="82" hits="173"/><line number="83" hits="164"/><line number="84" hits="82"/><line number="87" hits="91"/><line number="90" hits="132"/><line number="91" hits="4"/><line number="92" hits="2"/><line number="96" hits="260"/><line number="97" hits="408"/><line number="98" hits="417"/><line number="99" hits="417"/><line number="100" hits="417"/><line number="101" hits="139"/><line number="105" hits="260"/><line number="107" hits="269"/><line number="108" hits="139"/><line number="109" hits="139"/><line number="110" hits="139"/><line number="111" hits="139"/><line number="112" hits="139"/><line number="116" hits="390"/><line number="118" hits="782"/><line number="120" hits="262"/><line number="121" hits="0"/><line number="122" hits="0"/><line number="125" hits="131"/><line number="126" hits="2"/><line number="127" hits="4"/><line number="128" hits="2"/><line number="132" hits="258"/><line number="133" hits="645"/><line number="134" hits="387"/><line number="135" hits="774"/><line number="137" hits="516"/><line number="138" hits="129"/><line number="139" hits="774"/><line number="140" hits="265"/><line number="141" hits="218"/><line number="142" hits="86"/><line number="143" hits="12"/><line number="144" hits="8"/><line number="145" hits="8"/><line number="146" hits="4"/><line number="147" hits="4"/><line number="150" hits="312"/><line number="151" hits="156"/><line number="155" hits="408"/><line number="156" hits="272"/><line number="157" hits="136"/><line number="158" hits="136"/><line number="159" hits="136"/><line number="162" hits="408"/><line number="163" hits="272"/><line number="164" hits="136"/><line number="165" hits="136"/><line number="167" hits="136"/><line number="170" hits="129"/><line number="171" hits="4"/><line number="172" hits="1"/><line number="175" hits="128"/><line number="176" hits="0"/><line number="177" hits="0"/><line number="178" hits="0"/><line number="182" hits="254"/><line number="184" hits="4"/><line number="185" hits="9"/><line number="186" hits="9"/><line number="187" hits="1"/><line number="188" hits="1"/><line number="189" hits="1"/><line number="192" hits="8"/><line number="194" hits="12"/><line number="195" hits="6"/><line number="201" hits="4"/><line number="207" hits="16"/><line number="208" hits="12"/><line number="209" hits="4"/><line number="210" hits="3"/><line number="211" hits="1"/><line number="214" hits="6"/><line number="215" hits="6"/><line number="216" hits="3"/><line number="218" hits="12"/><line number="222" hits="4"/><line number="223" hits="4"/><line number="224" hits="3"/><line number="225" hits="1"/><line number="226" hits="1"/><line number="229" hits="3"/><line number="232" hits="4"/><line number="233" hits="12"/><line number="234" hits="5"/><line number="237" hits="241"/><line number="245" hits="723"/><line number="248" hits="241"/><line number="249" hits="241"/><line number="252" hits="482"/><line number="253" hits="1928"/><line number="255" hits="2486"/><line number="256" hits="4490"/><line number="257" hits="4"/><line number="258" hits="16"/><line number="259" hits="8"/><line number="260" hits="4"/><line number="263" hits="2241"/><line number="264" hits="3722"/><line number="265" hits="7444"/><line number="266" hits="3722"/><line number="268" hits="8"/><line number="269" hits="8"/><line number="271" hits="2"/><line number="272" hits="2"/><line number="275" hits="139"/><line number="276" hits="139"/><line number="277" hits="139"/><line number="278" hits="139"/><line number="279" hits="417"/><line number="280" hits="278"/><line number="281" hits="139"/><line number="282" hits="139"/><line number="286" hits="221"/><line number="287" hits="221"/><line number="289" hits="15"/><line number="290" hits="15"/><line number="291" hits="45"/><line number="292" hits="9"/><line number="294" hits="6"/><line number="295" hits="6"/><line number="296" hits="6"/><line number="299" hits="15"/><line number="305" hits="241"/></lines></class></classes></package><package name="src" line-rate="0.9425778863775198" branch-rate="0" complexity="0"><classes><class name="app" filename="src/app.rs" line-rate="0.71875" branch-rate="0" complexity="0"><methods/><lines><line number="5" hits="2"/><line number="6" hits="2"/><line number="11" hits="2"/><line number="12" hits="2"/><line number="15" hits="0"/><line number="16" hits="0"/><line number="17" hits="0"/><line number="18" hits="0"/><line number="19" hits="0"/><line number="20" hits="0"/><line number="25" hits="3"/><line number="29" hits="3"/><line number="34" hits="0"/><line number="36" hits="3"/><line number="40" hits="9"/><line number="41" hits="0"/><line number="44" hits="14"/><line number="45" hits="3"/><line number="46" hits="3"/><line number="47" hits="3"/><line number="48" hits="6"/><line number="49" hits="3"/><line number="50" hits="3"/><line number="52" hits="3"/><line number="53" hits="3"/><line number="54" hits="3"/><line number="55" hits="3"/><line number="57" hits="6"/><line number="58" hits="6"/><line number="59" hits="3"/><line number="61" hits="2"/><line number="65" hits="0"/></lines></class><class name="config" filename="src/config.rs" line-rate="0.958041958041958" branch-rate="0" complexity="0"><methods/><lines><line number="11" hits="4"/><line number="12" hits="4"/><line number="23" hits="159"/><line number="24" hits="159"/><line number="28" hits="19"/><line number="29" hits="19"/><line number="51" hits="1"/><line number="52" hits="1"/><line number="55" hits="18"/><line number="58" hits="54"/><line number="59" hits="70"/><line number="60" hits="4"/><line number="61" hits="2"/><line number="63" hits="48"/><line number="66" hits="21"/><line number="67" hits="40"/><line number="68" hits="63"/><line number="69" hits="2"/><line number="70" hits="1"/><line number="73" hits="37"/><line number="74" hits="20"/><line number="77" hits="72"/><line number="80" hits="32"/><line number="81" hits="17"/><line number="82" hits="17"/><line number="83" hits="17"/><line number="86" hits="35"/><line number="87" hits="36"/><line number="88" hits="36"/><line number="89" hits="2"/><line number="90" hits="4"/><line number="91" hits="2"/><line number="94" hits="16"/><line number="99" hits="15"/><line number="100" hits="15"/><line number="101" hits="15"/><line number="105" hits="29"/><line number="106" hits="87"/><line number="107" hits="87"/><line number="109" hits="53"/><line number="111" hits="27"/><line number="112" hits="2"/><line number="113" hits="0"/><line number="116" hits="50"/><line number="118" hits="26"/><line number="119" hits="2"/><line number="120" hits="0"/><line number="122" hits="51"/><line number="123" hits="75"/><line number="124" hits="2"/><line number="125" hits="0"/><line number="128" hits="46"/><line number="130" hits="24"/><line number="131" hits="2"/><line number="132" hits="0"/><line number="134" hits="47"/><line number="135" hits="69"/><line number="136" hits="2"/><line number="137" hits="0"/><line number="141" hits="22"/><line number="142" hits="2"/><line number="143" hits="2"/><line number="144" hits="2"/><line number="148" hits="20"/><line number="149" hits="2"/><line number="150" hits="2"/><line number="151" hits="2"/><line number="155" hits="18"/><line number="156" hits="36"/><line number="157" hits="18"/><line number="158" hits="18"/><line number="162" hits="43"/><line number="163" hits="129"/><line number="164" hits="167"/><line number="165" hits="10"/><line number="166" hits="5"/><line number="168" hits="149"/><line number="169" hits="6"/><line number="170" hits="3"/><line number="173" hits="105"/><line number="175" hits="35"/><line number="178" hits="4"/><line number="179" hits="12"/><line number="182" hits="40"/><line number="183" hits="40"/><line number="185" hits="40"/><line number="186" hits="8"/><line number="187" hits="0"/><line number="208" hits="13"/><line number="209" hits="13"/><line number="210" hits="6"/><line number="211" hits="9"/><line number="213" hits="6"/><line number="214" hits="3"/><line number="215" hits="3"/><line number="217" hits="3"/><line number="220" hits="14"/><line number="221" hits="21"/><line number="228" hits="3"/><line number="229" hits="3"/><line number="230" hits="2"/><line number="231" hits="2"/><line number="232" hits="1"/><line number="254" hits="4"/><line number="255" hits="4"/><line number="256" hits="2"/><line number="257" hits="1"/><line number="258" hits="1"/><line number="260" hits="1"/><line number="263" hits="2"/><line number="264" hits="1"/><line number="265" hits="1"/><line number="267" hits="1"/><line number="270" hits="4"/><line number="271" hits="6"/><line number="278" hits="3"/><line number="279" hits="3"/><line number="280" hits="2"/><line number="281" hits="2"/><line number="282" hits="1"/><line number="309" hits="13"/><line number="314" hits="26"/><line number="315" hits="26"/><line number="316" hits="1"/><line number="317" hits="2"/><line number="318" hits="1"/><line number="322" hits="24"/><line number="323" hits="24"/><line number="324" hits="1"/><line number="325" hits="2"/><line number="326" hits="1"/><line number="330" hits="22"/><line number="331" hits="22"/><line number="332" hits="1"/><line number="333" hits="2"/><line number="334" hits="1"/><line number="338" hits="10"/><line number="339" hits="30"/><line number="340" hits="30"/><line number="341" hits="20"/><line number="342" hits="10"/><line number="346" hits="4"/><line number="347" hits="4"/></lines></class><class name="main" filename="src/main.rs" line-rate="0" branch-rate="0" complexity="0"><methods/><lines><line number="1" hits="0"/><line number="2" hits="0"/></lines></class></classes></package><package name="src/chat/view/users" line-rate="0.8441558441558441" branch-rate="0" complexity="0"><classes><class name="input_panel" filename="src/chat/view/users/input_panel.rs" line-rate="1" branch-rate="0" complexity="0"><methods/><lines><line number="4" hits="90"/><line number="10" hits="450"/></lines></class><class name="model_panel" filename="src/chat/view/users/model_panel.rs" line-rate="1" branch-rate="0" complexity="0"><methods/><lines><line number="4" hits="90"/><line number="10" hits="450"/></lines></class><class name="panels" filename="src/chat/view/users/panels.rs" line-rate="0.875" branch-rate="0" complexity="0"><methods/><lines><line number="9" hits="174"/><line number="10" hits="348"/><line number="11" hits="0"/><line number="14" hits="696"/><line number="15" hits="522"/><line number="16" hits="174"/><line number="18" hits="348"/><line number="19" hits="696"/></lines></class><class name="top_panel" filename="src/chat/view/users/top_panel.rs" line-rate="0.8307692307692308" branch-rate="0" complexity="0"><methods/><lines><line number="13" hits="90"/><line number="20" hits="180"/><line number="21" hits="0"/><line number="24" hits="270"/><line number="25" hits="360"/><line number="28" hits="90"/><line number="29" hits="360"/><line number="30" hits="90"/><line number="31" hits="90"/><line number="34" hits="99"/><line number="35" hits="81"/><line number="38" hits="18"/><line number="39" hits="18"/><line number="40" hits="18"/><line number="42" hits="9"/><line number="43" hits="9"/><line number="44" hits="27"/><line number="47" hits="27"/><line number="48" hits="18"/><line number="49" hits="0"/><line number="51" hits="18"/><line number="52" hits="36"/><line number="54" hits="36"/><line number="55" hits="27"/><line number="57" hits="18"/><line number="59" hits="0"/><line number="60" hits="0"/><line number="62" hits="0"/><line number="64" hits="0"/><line number="67" hits="93"/><line number="68" hits="132"/><line number="69" hits="99"/><line number="70" hits="0"/><line number="73" hits="33"/><line number="74" hits="132"/><line number="75" hits="33"/><line number="76" hits="33"/><line number="81" hits="90"/><line number="82" hits="180"/><line number="83" hits="0"/><line number="85" hits="90"/><line number="89" hits="123"/><line number="90" hits="246"/><line number="91" hits="0"/><line number="94" hits="369"/><line number="95" hits="369"/><line number="96" hits="123"/><line number="98" hits="861"/><line number="101" hits="123"/><line number="102" hits="123"/><line number="103" hits="0"/><line number="105" hits="246"/><line number="106" hits="242"/><line number="108" hits="2"/><line number="109" hits="0"/><line number="112" hits="4"/><line number="113" hits="4"/><line number="114" hits="10"/><line number="115" hits="24"/><line number="116" hits="12"/><line number="117" hits="2"/><line number="119" hits="12"/><line number="120" hits="4"/><line number="122" hits="4"/><line number="123" hits="2"/></lines></class></classes></package><package name="src/agent/tools" line-rate="0.8805970149253731" branch-rate="0" complexity="0"><classes><class name="acp" filename="src/agent/tools/acp.rs" line-rate="1" branch-rate="0" complexity="0"><methods/><lines><line number="22" hits="7"/><line number="27" hits="7"/><line number="28" hits="7"/><line number="29" hits="7"/><line number="30" hits="7"/><line number="31" hits="7"/><line number="37" hits="16"/><line number="44" hits="48"/><line number="45" hits="48"/><line number="56" hits="9"/><line number="58" hits="27"/><line number="59" hits="27"/><line number="60" hits="9"/><line number="64" hits="1"/><line number="68" hits="6"/><line number="69" hits="17"/><line number="70" hits="12"/><line number="71" hits="18"/><line number="73" hits="10"/><line number="74" hits="1"/><line number="75" hits="2"/><line number="79" hits="15"/><line number="80" hits="8"/><line number="81" hits="3"/></lines></class><class name="agent" filename="src/agent/tools/agent.rs" line-rate="0.8269230769230769" branch-rate="0" complexity="0"><methods/><lines><line number="21" hits="866"/><line number="24" hits="433"/><line number="25" hits="433"/><line number="26" hits="866"/><line number="59" hits="0"/><line number="66" hits="0"/><line number="67" hits="0"/><line number="68" hits="0"/><line number="69" hits="0"/><line number="70" hits="0"/><line number="71" hits="0"/><line number="80" hits="0"/><line number="85" hits="0"/><line number="106" hits="434"/><line number="113" hits="1302"/><line number="115" hits="1302"/><line number="116" hits="1302"/><line number="117" hits="1302"/><line number="121" hits="868"/><line number="129" hits="7"/><line number="139" hits="21"/><line number="140" hits="21"/><line number="144" hits="14"/><line number="151" hits="529"/><line number="153" hits="1587"/><line number="154" hits="1587"/><line number="155" hits="1058"/><line number="169" hits="1"/><line number="173" hits="7"/><line number="174" hits="39"/><line number="175" hits="1"/><line number="179" hits="18"/><line number="180" hits="12"/><line number="181" hits="6"/><line number="183" hits="23"/><line number="184" hits="10"/><line number="185" hits="3"/><line number="188" hits="15"/><line number="189" hits="5"/><line number="192" hits="15"/><line number="194" hits="30"/><line number="196" hits="5"/><line number="198" hits="4"/><line number="201" hits="4"/><line number="202" hits="2"/><line number="203" hits="1"/><line number="206" hits="4"/><line number="208" hits="1"/><line number="209" hits="1"/><line number="210" hits="2"/><line number="212" hits="1"/><line number="213" hits="2"/></lines></class><class name="list_dir" filename="src/agent/tools/list_dir.rs" line-rate="0.9655172413793104" branch-rate="0" complexity="0"><methods/><lines><line number="15" hits="1740"/><line number="25" hits="457"/><line number="29" hits="20"/><line number="36" hits="20"/><line number="37" hits="0"/><line number="40" hits="60"/><line number="41" hits="20"/><line number="43" hits="40"/><line number="45" hits="20"/><line number="46" hits="26520"/><line number="48" hits="843"/><line number="49" hits="823"/><line number="50" hits="2"/><line number="53" hits="2463"/><line number="54" hits="2463"/><line number="55" hits="2461"/><line number="56" hits="827"/><line number="57" hits="1638"/><line number="58" hits="2"/><line number="59" hits="1"/><line number="60" hits="1"/><line number="64" hits="818"/><line number="65" hits="22"/><line number="66" hits="44"/><line number="68" hits="11"/><line number="69" hits="8"/><line number="70" hits="8"/><line number="71" hits="8"/><line number="72" hits="8"/><line number="73" hits="8"/><line number="74" hits="8"/><line number="77" hits="0"/><line number="80" hits="1614"/><line number="84" hits="15"/><line number="89" hits="560"/><line number="91" hits="1680"/><line number="92" hits="1680"/><line number="93" hits="1120"/><line number="107" hits="22"/><line number="108" hits="126"/><line number="109" hits="2"/><line number="112" hits="39"/><line number="113" hits="38"/><line number="114" hits="3"/><line number="116" hits="51"/><line number="117" hits="26"/><line number="118" hits="18"/><line number="120" hits="13"/><line number="121" hits="2"/><line number="123" hits="1"/><line number="127" hits="24"/><line number="128" hits="57"/><line number="129" hits="18"/><line number="130" hits="9"/><line number="133" hits="27"/><line number="134" hits="11"/><line number="135" hits="4"/><line number="138" hits="36"/></lines></class><class name="policy" filename="src/agent/tools/policy.rs" line-rate="0.8" branch-rate="0" complexity="0"><methods/><lines><line number="11" hits="3"/><line number="12" hits="3"/><line number="13" hits="5"/><line number="14" hits="2"/><line number="15" hits="0"/></lines></class><class name="read_file" filename="src/agent/tools/read_file.rs" line-rate="0.8709677419354839" branch-rate="0" complexity="0"><methods/><lines><line number="16" hits="1740"/><line number="25" hits="454"/><line number="31" hits="569"/><line number="33" hits="1707"/><line number="34" hits="1707"/><line number="35" hits="1138"/><line number="49" hits="13"/><line number="50" hits="26"/><line number="51" hits="13"/><line number="52" hits="65"/><line number="53" hits="26"/><line number="54" hits="26"/><line number="55" hits="13"/><line number="56" hits="13"/><line number="62" hits="27"/><line number="63" hits="159"/><line number="64" hits="1"/><line number="67" hits="69"/><line number="68" hits="34"/><line number="69" hits="27"/><line number="72" hits="34"/><line number="73" hits="40"/><line number="74" hits="3"/><line number="76" hits="14"/><line number="77" hits="28"/><line number="78" hits="39"/><line number="79" hits="3"/><line number="81" hits="0"/><line number="82" hits="0"/><line number="85" hits="0"/><line number="86" hits="0"/></lines></class><class name="vet" filename="src/agent/tools/vet.rs" line-rate="0.9333333333333333" branch-rate="0" complexity="0"><methods/><lines><line number="15" hits="1732"/><line number="30" hits="0"/><line number="31" hits="0"/><line number="40" hits="435"/><line number="42" hits="435"/><line number="47" hits="6"/><line number="53" hits="529"/><line number="55" hits="1587"/><line number="56" hits="1587"/><line number="57" hits="1058"/><line number="76" hits="1"/><line number="77" hits="2"/><line number="78" hits="2"/><line number="79" hits="1"/><line number="83" hits="6"/><line number="84" hits="36"/><line number="85" hits="11"/><line number="86" hits="10"/><line number="87" hits="3"/><line number="90" hits="15"/><line number="91" hits="12"/><line number="92" hits="2"/><line number="95" hits="15"/><line number="99" hits="10"/><line number="100" hits="10"/><line number="101" hits="15"/><line number="102" hits="7"/><line number="103" hits="4"/><line number="104" hits="4"/><line number="105" hits="2"/></lines></class><class name="write_file" filename="src/agent/tools/write_file.rs" line-rate="0.837037037037037" branch-rate="0" complexity="0"><methods/><lines><line number="17" hits="1740"/><line number="47" hits="451"/><line number="53" hits="533"/><line number="55" hits="1599"/><line number="56" hits="1599"/><line number="57" hits="1066"/><line number="75" hits="3"/><line number="76" hits="6"/><line number="77" hits="3"/><line number="78" hits="15"/><line number="79" hits="6"/><line number="80" hits="6"/><line number="81" hits="3"/><line number="82" hits="3"/><line number="88" hits="15"/><line number="89" hits="86"/><line number="90" hits="2"/><line number="92" hits="75"/><line number="93" hits="1"/><line number="96" hits="36"/><line number="99" hits="60"/><line number="103" hits="12"/><line number="104" hits="8"/><line number="105" hits="10"/><line number="106" hits="30"/><line number="113" hits="15"/><line number="118" hits="30"/><line number="119" hits="31"/><line number="120" hits="44"/><line number="122" hits="22"/><line number="124" hits="26"/><line number="125" hits="28"/><line number="126" hits="1"/><line number="129" hits="29"/><line number="130" hits="2"/><line number="131" hits="2"/><line number="132" hits="2"/><line number="136" hits="27"/><line number="137" hits="14"/><line number="138" hits="20"/><line number="141" hits="21"/><line number="142" hits="15"/><line number="143" hits="6"/><line number="144" hits="9"/><line number="145" hits="6"/><line number="146" hits="12"/><line number="148" hits="3"/><line number="149" hits="0"/><line number="150" hits="0"/><line number="153" hits="3"/><line number="193" hits="10"/><line number="194" hits="30"/><line number="195" hits="20"/><line number="199" hits="5"/><line number="200" hits="15"/><line number="201" hits="0"/><line number="202" hits="9"/><line number="203" hits="6"/><line number="204" hits="6"/><line number="206" hits="6"/><line number="211" hits="7"/><line number="212" hits="21"/><line number="213" hits="28"/><line number="217" hits="3"/><line number="218" hits="9"/><line number="220" hits="6"/><line number="221" hits="3"/><line number="225" hits="3"/><line number="229" hits="6"/><line number="230" hits="18"/><line number="231" hits="12"/><line number="234" hits="12"/><line number="235" hits="6"/><line number="236" hits="12"/><line number="240" hits="6"/><line number="241" hits="12"/><line number="242" hits="4"/><line number="243" hits="3"/><line number="244" hits="3"/><line number="245" hits="3"/><line number="248" hits="1"/><line number="251" hits="4"/><line number="252" hits="2"/><line number="253" hits="2"/><line number="255" hits="0"/><line number="260" hits="3"/><line number="264" hits="6"/><line number="265" hits="9"/><line number="266" hits="6"/><line number="267" hits="6"/><line number="268" hits="3"/><line number="269" hits="3"/><line number="271" hits="9"/><line number="274" hits="9"/><line number="275" hits="6"/><line number="276" hits="0"/><line number="277" hits="0"/><line number="281" hits="0"/><line number="282" hits="0"/><line number="283" hits="0"/><line number="288" hits="3"/><line number="293" hits="9"/><line number="294" hits="9"/><line number="297" hits="6"/><line number="298" hits="3"/><line number="299" hits="6"/><line number="300" hits="3"/><line number="303" hits="3"/><line number="304" hits="3"/><line number="306" hits="0"/><line number="311" hits="0"/><line number="312" hits="0"/><line number="313" hits="0"/><line number="314" hits="0"/><line number="315" hits="0"/><line number="317" hits="0"/><line number="322" hits="2"/><line number="323" hits="6"/><line number="324" hits="2"/><line number="325" hits="8"/><line number="326" hits="2"/><line number="327" hits="2"/><line number="330" hits="0"/><line number="331" hits="0"/><line number="332" hits="0"/><line number="334" hits="0"/><line number="339" hits="20"/><line number="345" hits="120"/><line number="346" hits="20"/><line number="347" hits="6"/><line number="349" hits="14"/><line number="354" hits="34"/><line number="355" hits="136"/><line number="356" hits="0"/><line number="357" hits="0"/></lines></class></classes></package><package name="src/agent/capability/local" line-rate="1" branch-rate="0" complexity="0"><classes><class name="mod" filename="src/agent/capability/local/mod.rs" line-rate="1" branch-rate="0" complexity="0"><methods/><lines><line number="11" hits="315"/><line number="15" hits="139"/><line number="16" hits="417"/><line number="19" hits="138"/><line number="20" hits="552"/><line number="23" hits="91"/><line number="24" hits="91"/><line number="25" hits="182"/><line number="27" hits="91"/><line number="31" hits="85"/><line number="32" hits="510"/><line number="35" hits="90"/><line number="36" hits="360"/></lines></class></classes></package><package name="src/chat/view/timeline/render_entry/tooling" line-rate="0.9743589743589743" branch-rate="0" complexity="0"><classes><class name="descriptor" filename="src/chat/view/timeline/render_entry/tooling/descriptor.rs" line-rate="0.9782608695652174" branch-rate="0" complexity="0"><methods/><lines><line number="34" hits="47"/><line number="36" hits="45"/><line number="37" hits="45"/><line number="38" hits="45"/><line number="40" hits="47"/><line number="42" hits="2"/><line number="45" hits="90"/><line number="46" hits="8"/><line number="47" hits="35"/><line number="48" hits="2"/><line number="51" hits="180"/><line number="52" hits="135"/><line number="53" hits="0"/><line number="55" hits="180"/><line number="56" hits="90"/><line number="57" hits="4"/><line number="59" hits="43"/><line number="63" hits="45"/><line number="64" hits="90"/><line number="65" hits="135"/><line number="66" hits="180"/><line number="67" hits="135"/><line number="68" hits="135"/><line number="72" hits="45"/><line number="73" hits="82"/><line number="74" hits="61"/><line number="76" hits="24"/><line number="79" hits="21"/><line number="82" hits="37"/><line number="83" hits="87"/><line number="85" hits="72"/><line number="86" hits="72"/><line number="89" hits="45"/><line number="90" hits="90"/><line number="91" hits="45"/><line number="92" hits="45"/><line number="96" hits="45"/><line number="97" hits="45"/><line number="98" hits="265"/><line number="99" hits="45"/><line number="100" hits="2"/><line number="103" hits="86"/><line number="104" hits="8"/><line number="107" hits="202"/><line number="108" hits="2"/><line number="111" hits="33"/></lines></class><class name="renderer" filename="src/chat/view/timeline/render_entry/tooling/renderer.rs" line-rate="0.96875" branch-rate="0" complexity="0"><methods/><lines><line number="5" hits="34"/><line number="9" hits="34"/><line number="10" hits="8"/><line number="11" hits="24"/><line number="12" hits="2"/><line number="16" hits="31"/><line number="23" hits="62"/><line number="25" hits="62"/><line number="26" hits="0"/><line number="29" hits="124"/><line number="31" hits="62"/><line number="32" hits="31"/><line number="33" hits="93"/><line number="34" hits="124"/><line number="36" hits="35"/><line number="37" hits="8"/><line number="38" hits="8"/><line number="40" hits="124"/><line number="42" hits="93"/><line number="43" hits="155"/><line number="44" hits="62"/><line number="45" hits="93"/><line number="49" hits="93"/><line number="50" hits="68"/><line number="52" hits="12"/><line number="56" hits="31"/><line number="57" hits="31"/><line number="58" hits="31"/><line number="59" hits="62"/><line number="60" hits="62"/><line number="62" hits="93"/><line number="64" hits="31"/></lines></class></classes></package><package name="src/chat" line-rate="0.9461626575028637" branch-rate="0" complexity="0"><classes><class name="app" filename="src/chat/app.rs" line-rate="0.8857142857142857" branch-rate="0" complexity="0"><methods/><lines><line number="102" hits="193"/><line number="103" hits="579"/><line number="104" hits="579"/><line number="105" hits="579"/><line number="106" hits="579"/><line number="108" hits="579"/><line number="109" hits="0"/><line number="111" hits="386"/><line number="112" hits="386"/><line number="113" hits="386"/><line number="114" hits="386"/><line number="115" hits="579"/><line number="116" hits="193"/><line number="120" hits="386"/><line number="121" hits="579"/><line number="122" hits="0"/><line number="123" hits="0"/><line number="124" hits="0"/><line number="129" hits="579"/><line number="130" hits="386"/><line number="131" hits="193"/><line number="132" hits="579"/><line number="133" hits="1351"/><line number="135" hits="193"/><line number="136" hits="386"/><line number="137" hits="386"/><line number="138" hits="386"/><line number="139" hits="386"/><line number="140" hits="386"/><line number="141" hits="193"/><line number="142" hits="579"/><line number="143" hits="386"/><line number="144" hits="579"/><line number="145" hits="386"/><line number="146" hits="386"/><line number="147" hits="579"/><line number="148" hits="386"/><line number="150" hits="386"/><line number="151" hits="386"/><line number="152" hits="772"/><line number="153" hits="386"/><line number="154" hits="386"/><line number="156" hits="193"/><line number="157" hits="193"/><line number="158" hits="193"/><line number="159" hits="386"/><line number="160" hits="386"/><line number="161" hits="386"/><line number="162" hits="386"/><line number="163" hits="386"/><line number="164" hits="386"/><line number="165" hits="386"/><line number="166" hits="193"/><line number="167" hits="386"/><line number="168" hits="386"/><line number="169" hits="386"/><line number="170" hits="193"/><line number="171" hits="386"/><line number="172" hits="193"/><line number="173" hits="193"/><line number="174" hits="193"/><line number="178" hits="179"/><line number="179" hits="537"/><line number="181" hits="537"/><line number="183" hits="537"/><line number="184" hits="537"/><line number="186" hits="537"/><line number="188" hits="537"/><line number="189" hits="179"/><line number="190" hits="358"/><line number="191" hits="358"/><line number="193" hits="179"/><line number="198" hits="14"/><line number="203" hits="42"/><line number="205" hits="42"/><line number="207" hits="42"/><line number="208" hits="42"/><line number="210" hits="42"/><line number="211" hits="28"/><line number="212" hits="14"/><line number="217" hits="0"/><line number="218" hits="0"/><line number="219" hits="0"/><line number="220" hits="0"/><line number="223" hits="29"/><line number="224" hits="29"/><line number="227" hits="116"/><line number="228" hits="116"/><line number="231" hits="0"/><line number="232" hits="0"/><line number="235" hits="0"/><line number="236" hits="0"/><line number="239" hits="47"/><line number="240" hits="47"/><line number="243" hits="26"/><line number="244" hits="26"/><line number="245" hits="2"/><line number="246" hits="23"/><line number="247" hits="23"/><line number="249" hits="23"/><line number="250" hits="2"/><line number="251" hits="2"/><line number="255" hits="65"/><line number="256" hits="74"/><line number="257" hits="65"/><line number="258" hits="65"/><line number="261" hits="95"/><line number="262" hits="83"/><line number="264" hits="9"/><line number="267" hits="37"/><line number="268" hits="12"/><line number="269" hits="50"/><line number="270" hits="50"/><line number="272" hits="134"/><line number="276" hits="114"/><line number="277" hits="228"/><line number="278" hits="65"/><line number="279" hits="49"/><line number="283" hits="112"/><line number="284" hits="208"/><line number="287" hits="0"/><line number="288" hits="0"/><line number="292" hits="2"/><line number="293" hits="4"/><line number="294" hits="2"/><line number="295" hits="4"/><line number="299" hits="96"/><line number="300" hits="96"/><line number="303" hits="0"/><line number="304" hits="0"/><line number="307" hits="98"/><line number="308" hits="98"/><line number="311" hits="1"/><line number="312" hits="1"/><line number="315" hits="1"/><line number="316" hits="3"/><line number="317" hits="3"/><line number="320" hits="3"/><line number="321" hits="3"/><line number="324" hits="188"/><line number="325" hits="188"/><line number="328" hits="194"/><line number="330" hits="388"/><line number="331" hits="388"/><line number="332" hits="582"/><line number="333" hits="582"/><line number="334" hits="582"/><line number="335" hits="582"/><line number="336" hits="388"/><line number="337" hits="194"/><line number="341" hits="90"/><line number="342" hits="90"/><line number="343" hits="270"/><line number="346" hits="29"/><line number="347" hits="29"/><line number="350" hits="23"/><line number="351" hits="23"/><line number="354" hits="20"/><line number="355" hits="80"/><line number="356" hits="60"/><line number="357" hits="1"/><line number="358" hits="3"/><line number="360" hits="19"/><line number="361" hits="38"/><line number="363" hits="40"/><line number="366" hits="33"/><line number="369" hits="42"/><line number="370" hits="14"/><line number="371" hits="4"/><line number="373" hits="5"/><line number="374" hits="5"/><line number="376" hits="7"/><line number="378" hits="0"/><line number="380" hits="20"/><line number="383" hits="33"/><line number="384" hits="0"/><line number="385" hits="0"/><line number="390" hits="0"/><line number="391" hits="0"/><line number="394" hits="95"/><line number="395" hits="95"/><line number="397" hits="107"/><line number="405" hits="5"/><line number="406" hits="10"/><line number="407" hits="0"/><line number="410" hits="10"/><line number="411" hits="5"/><line number="412" hits="20"/><line number="413" hits="10"/><line number="414" hits="20"/><line number="415" hits="20"/><line number="416" hits="5"/><line number="418" hits="5"/><line number="420" hits="0"/><line number="421" hits="0"/><line number="422" hits="0"/><line number="424" hits="0"/><line number="429" hits="59"/><line number="430" hits="59"/><line number="431" hits="59"/><line number="433" hits="118"/><line number="434" hits="59"/><line number="435" hits="177"/><line number="438" hits="2312"/><line number="439" hits="1502"/><line number="443" hits="59"/><line number="444" hits="2"/><line number="445" hits="0"/><line number="446" hits="1"/><line number="448" hits="2"/><line number="449" hits="4"/><line number="450" hits="4"/><line number="451" hits="1"/><line number="452" hits="1"/><line number="458" hits="1"/><line number="459" hits="1"/><line number="464" hits="3"/><line number="465" hits="4"/><line number="466" hits="2"/><line number="467" hits="2"/><line number="468" hits="2"/><line number="469" hits="2"/><line number="473" hits="16"/><line number="474" hits="48"/><line number="475" hits="32"/><line number="478" hits="246"/><line number="479" hits="738"/><line number="482" hits="18"/><line number="483" hits="54"/><line number="484" hits="54"/><line number="485" hits="36"/><line number="486" hits="36"/><line number="489" hits="115"/><line number="490" hits="345"/><line number="491" hits="190"/><line number="492" hits="150"/><line number="493" hits="300"/><line number="494" hits="150"/><line number="495" hits="150"/><line number="496" hits="225"/><line number="498" hits="80"/><line number="499" hits="80"/><line number="500" hits="40"/><line number="505" hits="1"/><line number="506" hits="2"/><line number="509" hits="75"/><line number="510" hits="225"/><line number="511" hits="150"/><line number="512" hits="375"/><line number="513" hits="75"/><line number="514" hits="225"/><line number="515" hits="75"/><line number="516" hits="75"/><line number="517" hits="75"/><line number="520" hits="43"/><line number="521" hits="28"/><line number="522" hits="22"/><line number="523" hits="6"/><line number="524" hits="15"/><line number="528" hits="15"/><line number="533" hits="90"/><line number="534" hits="0"/><line number="537" hits="45"/><line number="539" hits="30"/><line number="540" hits="2"/><line number="543" hits="28"/><line number="546" hits="14"/><line number="547" hits="0"/><line number="548" hits="0"/><line number="551" hits="42"/><line number="554" hits="6"/><line number="555" hits="6"/><line number="558" hits="0"/><line number="559" hits="0"/><line number="562" hits="101"/><line number="563" hits="101"/><line number="567" hits="211"/><line number="568" hits="422"/><line number="569" hits="633"/><line number="570" hits="211"/></lines></class><class name="demo" filename="src/chat/demo.rs" line-rate="1" branch-rate="0" complexity="0"><methods/><lines><line number="6" hits="2"/><line number="7" hits="8"/><line number="13" hits="7"/><line number="14" hits="7"/><line number="16" hits="7"/><line number="19" hits="7"/><line number="20" hits="7"/><line number="25" hits="7"/><line number="28" hits="7"/><line number="35" hits="7"/><line number="40" hits="7"/><line number="47" hits="7"/><line number="61" hits="7"/><line number="65" hits="7"/><line number="77" hits="7"/><line number="84" hits="7"/><line number="91" hits="7"/><line number="108" hits="7"/><line number="115" hits="7"/><line number="128" hits="7"/><line number="132" hits="7"/><line number="143" hits="7"/><line number="155" hits="7"/><line number="161" hits="7"/><line number="173" hits="7"/><line number="176" hits="7"/><line number="183" hits="7"/><line number="190" hits="7"/><line number="205" hits="7"/></lines></class><class name="git" filename="src/chat/git.rs" line-rate="0.9444444444444444" branch-rate="0" complexity="0"><methods/><lines><line number="22" hits="7"/><line number="23" hits="35"/><line number="25" hits="21"/><line number="26" hits="28"/><line number="29" hits="14"/><line number="30" hits="0"/><line number="32" hits="7"/><line number="33" hits="2"/><line number="36" hits="15"/><line number="37" hits="10"/><line number="38" hits="10"/><line number="39" hits="10"/><line number="40" hits="10"/><line number="41" hits="10"/><line number="42" hits="10"/><line number="43" hits="10"/><line number="45" hits="14"/><line number="46" hits="14"/><line number="48" hits="11"/><line number="49" hits="2"/><line number="51" hits="8"/><line number="52" hits="8"/><line number="53" hits="4"/><line number="54" hits="4"/><line number="57" hits="6"/><line number="58" hits="6"/><line number="59" hits="3"/><line number="60" hits="3"/><line number="61" hits="3"/><line number="62" hits="3"/><line number="63" hits="2"/><line number="64" hits="1"/><line number="65" hits="0"/><line number="69" hits="4"/><line number="70" hits="8"/><line number="71" hits="8"/><line number="72" hits="12"/><line number="74" hits="6"/><line number="75" hits="2"/><line number="76" hits="2"/><line number="78" hits="4"/><line number="79" hits="1"/><line number="81" hits="5"/><line number="82" hits="2"/><line number="84" hits="3"/><line number="85" hits="9"/><line number="91" hits="15"/><line number="92" hits="10"/><line number="93" hits="5"/><line number="94" hits="10"/><line number="95" hits="10"/><line number="96" hits="10"/><line number="97" hits="10"/><line number="98" hits="5"/><line number="99" hits="5"/><line number="103" hits="15"/><line number="104" hits="10"/><line number="105" hits="5"/><line number="107" hits="33"/><line number="108" hits="5"/><line number="111" hits="0"/><line number="114" hits="0"/><line number="129" hits="2"/><line number="131" hits="4"/><line number="137" hits="1"/><line number="139" hits="3"/><line number="145" hits="2"/><line number="150" hits="2"/><line number="159" hits="3"/><line number="161" hits="9"/><line number="167" hits="3"/><line number="168" hits="3"/></lines></class><class name="input" filename="src/chat/input.rs" line-rate="1" branch-rate="0" complexity="0"><methods/><lines><line number="21" hits="558"/><line number="22" hits="558"/><line number="23" hits="4"/><line number="24" hits="4"/><line number="25" hits="2"/><line number="26" hits="4"/><line number="27" hits="4"/><line number="28" hits="6"/><line number="29" hits="2"/><line number="30" hits="2"/><line number="31" hits="2"/><line number="33" hits="4"/><line number="36" hits="4"/><line number="38" hits="520"/></lines></class><class name="model" filename="src/chat/model.rs" line-rate="1" branch-rate="0" complexity="0"><methods/><lines><line number="69" hits="64"/><line number="74" hits="128"/><line number="75" hits="64"/><line number="79" hits="65"/><line number="84" hits="130"/><line number="85" hits="65"/><line number="89" hits="33"/><line number="98" hits="66"/><line number="105" hits="66"/><line number="106" hits="33"/><line number="110" hits="27"/><line number="113" hits="54"/><line number="117" hits="54"/><line number="118" hits="27"/><line number="122" hits="55"/><line number="133" hits="110"/><line number="141" hits="165"/><line number="142" hits="55"/><line number="146" hits="32"/><line number="151" hits="64"/><line number="152" hits="32"/><line number="156" hits="11"/><line number="159" hits="22"/><line number="163" hits="22"/><line number="164" hits="11"/><line number="168" hits="22"/><line number="173" hits="44"/><line number="174" hits="22"/><line number="178" hits="26"/><line number="183" hits="52"/><line number="184" hits="26"/><line number="189" hits="50"/><line number="190" hits="150"/><line number="191" hits="50"/><line number="194" hits="3"/><line number="195" hits="6"/><line number="196" hits="3"/></lines></class><class name="picker" filename="src/chat/picker.rs" line-rate="1" branch-rate="0" complexity="0"><methods/><lines><line number="24" hits="4953"/><line number="26" hits="14859"/><line number="27" hits="4953"/><line number="43" hits="5"/><line number="44" hits="20"/><line number="47" hits="224"/><line number="53" hits="672"/><line number="55" hits="448"/><line number="57" hits="224"/><line number="58" hits="224"/><line number="62" hits="200"/><line number="65" hits="400"/><line number="68" hits="24200"/><line number="70" hits="600"/><line number="73" hits="26"/><line number="74" hits="52"/><line number="75" hits="52"/><line number="76" hits="52"/><line number="79" hits="6"/><line number="80" hits="12"/><line number="81" hits="12"/><line number="84" hits="99"/><line number="85" hits="378"/><line number="88" hits="195"/><line number="89" hits="390"/><line number="92" hits="12"/><line number="93" hits="12"/><line number="96" hits="69"/><line number="97" hits="69"/><line number="100" hits="1"/><line number="101" hits="1"/><line number="104" hits="9"/><line number="105" hits="9"/><line number="108" hits="20"/><line number="109" hits="20"/><line number="112" hits="4"/><line number="113" hits="12"/><line number="114" hits="4"/><line number="115" hits="3"/><line number="116" hits="1"/><line number="118" hits="6"/><line number="119" hits="3"/><line number="120" hits="3"/><line number="122" hits="9"/><line number="123" hits="15"/><line number="124" hits="9"/><line number="127" hits="38"/><line number="128" hits="114"/><line number="129" hits="38"/><line number="130" hits="3"/><line number="131" hits="1"/><line number="133" hits="74"/><line number="134" hits="37"/><line number="135" hits="37"/><line number="137" hits="111"/><line number="138" hits="74"/><line number="139" hits="111"/><line number="142" hits="7"/><line number="143" hits="21"/><line number="144" hits="12"/><line number="145" hits="7"/><line number="146" hits="7"/><line number="147" hits="34"/><line number="148" hits="25"/><line number="151" hits="12"/><line number="152" hits="48"/><line number="153" hits="6"/><line number="155" hits="36"/><line number="156" hits="24"/><line number="159" hits="2"/><line number="160" hits="4"/><line number="161" hits="4"/><line number="165" hits="2"/><line number="166" hits="6"/><line number="167" hits="10"/><line number="168" hits="10"/><line number="169" hits="10"/><line number="170" hits="2"/><line number="173" hits="10"/><line number="174" hits="30"/><line number="175" hits="20"/><line number="178" hits="9"/><line number="179" hits="27"/><line number="180" hits="36"/><line number="181" hits="9"/><line number="184" hits="128"/><line number="185" hits="128"/><line number="186" hits="62"/><line number="187" hits="58"/><line number="190" hits="4"/><line number="191" hits="2"/><line number="192" hits="2"/><line number="193" hits="2"/><line number="194" hits="6"/><line number="195" hits="8"/><line number="196" hits="4"/><line number="198" hits="2"/><line number="201" hits="194"/><line number="202" hits="194"/><line number="203" hits="152"/><line number="205" hits="21"/><line number="206" hits="2"/><line number="209" hits="57"/><line number="210" hits="19"/><line number="212" hits="19"/><line number="213" hits="652"/><line number="214" hits="652"/><line number="215" hits="652"/><line number="219" hits="76"/><line number="220" hits="19"/><line number="222" hits="1149"/><line number="226" hits="40"/><line number="227" hits="84"/><line number="228" hits="8"/><line number="230" hits="72"/><line number="234" hits="21"/><line number="235" hits="42"/><line number="236" hits="21"/><line number="237" hits="21"/><line number="239" hits="63"/><line number="240" hits="21"/><line number="241" hits="6"/><line number="243" hits="15"/></lines></class><class name="session" filename="src/chat/session.rs" line-rate="0.9659090909090909" branch-rate="0" complexity="0"><methods/><lines><line number="23" hits="1"/><line number="24" hits="6"/><line number="25" hits="6"/><line number="26" hits="4"/><line number="27" hits="4"/><line number="28" hits="2"/><line number="30" hits="4"/><line number="37" hits="19"/><line number="38" hits="37"/><line number="39" hits="1"/><line number="41" hits="18"/><line number="42" hits="2"/><line number="46" hits="64"/><line number="47" hits="16"/><line number="51" hits="48"/><line number="52" hits="45"/><line number="53" hits="51"/><line number="55" hits="2"/><line number="59" hits="32"/><line number="60" hits="10"/><line number="62" hits="22"/><line number="66" hits="48"/><line number="69" hits="48"/><line number="70" hits="32"/><line number="75" hits="32"/><line number="86" hits="1"/><line number="88" hits="3"/><line number="89" hits="3"/><line number="90" hits="3"/><line number="91" hits="3"/><line number="92" hits="2"/><line number="106" hits="31"/><line number="107" hits="124"/><line number="108" hits="62"/><line number="109" hits="68"/><line number="110" hits="96"/><line number="111" hits="66"/><line number="112" hits="22"/><line number="113" hits="22"/><line number="117" hits="9"/><line number="122" hits="16"/><line number="123" hits="21"/><line number="124" hits="11"/><line number="126" hits="5"/><line number="127" hits="77"/><line number="128" hits="41"/><line number="130" hits="144"/><line number="132" hits="36"/><line number="133" hits="36"/><line number="134" hits="128"/><line number="135" hits="36"/><line number="144" hits="16"/><line number="148" hits="16"/><line number="149" hits="8"/><line number="152" hits="8"/><line number="153" hits="8"/><line number="155" hits="0"/><line number="157" hits="16"/><line number="158" hits="16"/><line number="159" hits="16"/><line number="161" hits="16"/><line number="162" hits="22"/><line number="163" hits="2"/><line number="165" hits="60"/><line number="166" hits="144"/><line number="167" hits="144"/><line number="168" hits="36"/><line number="169" hits="36"/><line number="170" hits="0"/><line number="173" hits="30"/><line number="174" hits="18"/><line number="175" hits="24"/><line number="176" hits="17"/><line number="177" hits="13"/><line number="178" hits="1"/><line number="182" hits="12"/><line number="190" hits="16"/><line number="191" hits="80"/><line number="192" hits="5"/><line number="194" hits="25"/><line number="195" hits="15"/><line number="196" hits="50"/><line number="197" hits="40"/><line number="198" hits="0"/><line number="201" hits="30"/><line number="202" hits="22"/><line number="203" hits="30"/><line number="204" hits="10"/></lines></class><class name="theme" filename="src/chat/theme.rs" line-rate="1" branch-rate="0" complexity="0"><methods/><lines><line number="12" hits="3456"/><line number="13" hits="6912"/><line number="55" hits="215"/><line number="56" hits="430"/><line number="60" hits="217"/><line number="61" hits="217"/><line number="62" hits="648"/><line number="63" hits="1"/><line number="68" hits="4"/><line number="69" hits="4"/><line number="72" hits="216"/><line number="73" hits="1080"/><line number="74" hits="1080"/><line number="75" hits="1080"/><line number="76" hits="1080"/><line number="77" hits="1080"/><line number="78" hits="1080"/><line number="79" hits="1080"/><line number="80" hits="1080"/><line number="81" hits="1080"/><line number="82" hits="1080"/><line number="83" hits="1080"/><line number="84" hits="1080"/><line number="85" hits="1080"/><line number="86" hits="1080"/><line number="87" hits="1080"/><line number="88" hits="1080"/><line number="91" hits="648"/><line number="92" hits="648"/><line number="93" hits="648"/><line number="94" hits="648"/><line number="95" hits="648"/><line number="96" hits="648"/><line number="100" hits="1296"/><line number="101" hits="432"/><line number="104" hits="864"/><line number="105" hits="864"/><line number="106" hits="864"/><line number="107" hits="432"/><line number="110" hits="864"/><line number="111" hits="864"/><line number="112" hits="864"/><line number="113" hits="432"/><line number="116" hits="864"/><line number="117" hits="864"/><line number="118" hits="432"/><line number="121" hits="864"/><line number="122" hits="864"/><line number="123" hits="864"/><line number="124" hits="864"/><line number="125" hits="864"/><line number="126" hits="864"/><line number="127" hits="1296"/><line number="128" hits="864"/><line number="129" hits="432"/><line number="132" hits="864"/><line number="133" hits="432"/><line number="136" hits="864"/><line number="137" hits="432"/><line number="140" hits="864"/><line number="148" hits="1"/><line number="163" hits="3"/><line number="164" hits="4"/><line number="165" hits="3"/><line number="166" hits="3"/><line number="167" hits="3"/><line number="168" hits="4"/><line number="169" hits="3"/><line number="170" hits="3"/><line number="171" hits="3"/><line number="172" hits="3"/><line number="173" hits="3"/><line number="174" hits="3"/><line number="175" hits="4"/><line number="176" hits="3"/><line number="177" hits="3"/><line number="178" hits="3"/><line number="179" hits="3"/><line number="180" hits="3"/><line number="181" hits="3"/><line number="182" hits="3"/><line number="183" hits="3"/><line number="184" hits="4"/><line number="185" hits="3"/><line number="186" hits="4"/><line number="187" hits="3"/><line number="188" hits="3"/><line number="189" hits="3"/><line number="192" hits="2"/><line number="224" hits="3906"/><line number="226" hits="7812"/><line number="227" hits="3906"/><line number="228" hits="3906"/><line number="234" hits="217"/><line number="245" hits="434"/><line number="248" hits="868"/><line number="251" hits="868"/><line number="254" hits="868"/><line number="257" hits="217"/><line number="258" hits="1085"/><line number="261" hits="217"/><line number="262" hits="217"/><line number="263" hits="1085"/><line number="266" hits="4123"/><line number="267" hits="1736"/><line number="268" hits="6944"/><line number="269" hits="1736"/><line number="271" hits="1953"/><line number="272" hits="434"/><line number="277" hits="434"/><line number="278" hits="651"/><line number="279" hits="217"/><line number="283" hits="434"/><line number="284" hits="868"/><line number="285" hits="217"/><line number="289" hits="434"/><line number="290" hits="651"/><line number="291" hits="217"/><line number="295" hits="868"/><line number="297" hits="217"/></lines></class><class name="users_state" filename="src/chat/users_state.rs" line-rate="0.9090909090909091" branch-rate="0" complexity="0"><methods/><lines><line number="40" hits="86"/><line number="51" hits="94"/><line number="52" hits="94"/><line number="53" hits="188"/><line number="54" hits="188"/><line number="57" hits="94"/><line number="58" hits="282"/><line number="61" hits="94"/><line number="62" hits="94"/><line number="63" hits="0"/><line number="65" hits="470"/></lines></class></classes></package><package name="src/agent/adapters/acp_client" line-rate="0.9901960784313726" branch-rate="0" complexity="0"><classes><class name="mapper" filename="src/agent/adapters/acp_client/mapper.rs" line-rate="1" branch-rate="0" complexity="0"><methods/><lines><line number="20" hits="20"/><line number="21" hits="40"/><line number="22" hits="80"/><line number="23" hits="40"/><line number="24" hits="1"/><line number="26" hits="38"/><line number="27" hits="19"/><line number="28" hits="57"/><line number="29" hits="57"/><line number="30" hits="21"/><line number="32" hits="19"/><line number="33" hits="19"/><line number="34" hits="38"/><line number="35" hits="19"/><line number="36" hits="19"/><line number="37" hits="21"/><line number="41" hits="15"/><line number="42" hits="30"/><line number="44" hits="15"/><line number="45" hits="15"/><line number="47" hits="15"/><line number="48" hits="60"/><line number="49" hits="21"/><line number="50" hits="17"/><line number="52" hits="11"/><line number="53" hits="11"/><line number="54" hits="24"/><line number="56" hits="10"/><line number="57" hits="21"/><line number="58" hits="12"/><line number="60" hits="1"/><line number="61" hits="1"/><line number="65" hits="2"/><line number="69" hits="12"/><line number="70" hits="24"/><line number="71" hits="12"/><line number="72" hits="30"/><line number="73" hits="12"/><line number="74" hits="24"/><line number="75" hits="9"/><line number="76" hits="24"/><line number="78" hits="36"/><line number="79" hits="12"/><line number="81" hits="23"/><line number="83" hits="32"/><line number="84" hits="12"/><line number="85" hits="20"/><line number="88" hits="27"/><line number="89" hits="18"/><line number="90" hits="8"/><line number="91" hits="6"/><line number="93" hits="1"/><line number="96" hits="8"/><line number="97" hits="16"/><line number="98" hits="16"/><line number="99" hits="8"/><line number="100" hits="8"/><line number="104" hits="8"/><line number="105" hits="15"/><line number="106" hits="1"/><line number="109" hits="28"/><line number="110" hits="14"/><line number="111" hits="42"/><line number="112" hits="7"/><line number="113" hits="7"/><line number="114" hits="10"/><line number="116" hits="5"/><line number="117" hits="5"/><line number="118" hits="20"/><line number="120" hits="2"/><line number="121" hits="2"/><line number="123" hits="1"/><line number="124" hits="1"/><line number="125" hits="2"/><line number="127" hits="1"/><line number="128" hits="1"/><line number="129" hits="1"/><line number="130" hits="3"/><line number="131" hits="2"/><line number="132" hits="1"/><line number="135" hits="2"/><line number="139" hits="6"/></lines></class><class name="mod" filename="src/agent/adapters/acp_client/mod.rs" line-rate="0.95" branch-rate="0" complexity="0"><methods/><lines><line number="18" hits="1"/><line number="19" hits="3"/><line number="20" hits="2"/><line number="21" hits="2"/><line number="22" hits="2"/><line number="23" hits="1"/><line number="25" hits="1"/><line number="28" hits="1"/><line number="29" hits="3"/><line number="30" hits="1"/><line number="32" hits="1"/><line number="33" hits="1"/><line number="34" hits="1"/><line number="35" hits="1"/><line number="38" hits="1"/><line number="39" hits="3"/><line number="40" hits="2"/><line number="41" hits="1"/><line number="43" hits="0"/><line number="44" hits="1"/></lines></class></classes></package><package name="src/agent/capability" line-rate="0.9885057471264368" branch-rate="0" complexity="0"><classes><class name="types" filename="src/agent/capability/types.rs" line-rate="0.9846153846153847" branch-rate="0" complexity="0"><methods/><lines><line number="11" hits="332"/><line number="29" hits="140"/><line number="31" hits="280"/><line number="51" hits="1"/><line number="52" hits="3"/><line number="63" hits="29"/><line number="64" hits="44"/><line number="67" hits="35"/><line number="68" hits="134"/><line number="69" hits="5"/><line number="72" hits="90"/><line number="73" hits="93"/><line number="74" hits="33"/><line number="75" hits="13"/><line number="76" hits="36"/><line number="81" hits="13"/><line number="84" hits="17"/><line number="88" hits="67"/><line number="89" hits="67"/><line number="91" hits="133"/><line number="101" hits="79"/><line number="103" hits="158"/><line number="108" hits="5"/><line number="110" hits="15"/><line number="111" hits="5"/><line number="117" hits="2"/><line number="118" hits="2"/><line number="119" hits="3"/><line number="120" hits="3"/><line number="139" hits="73"/><line number="140" hits="73"/><line number="143" hits="6"/><line number="144" hits="6"/><line number="145" hits="0"/><line number="146" hits="18"/><line number="147" hits="8"/><line number="148" hits="2"/><line number="164" hits="1"/><line number="166" hits="4"/><line number="174" hits="63"/><line number="175" hits="189"/><line number="177" hits="315"/><line number="181" hits="63"/><line number="185" hits="1"/><line number="186" hits="3"/><line number="188" hits="4"/><line number="192" hits="1"/><line number="196" hits="161"/><line number="199" hits="322"/><line number="200" hits="322"/><line number="201" hits="323"/><line number="202" hits="162"/><line number="203" hits="158"/><line number="204" hits="163"/><line number="205" hits="1"/><line number="207" hits="474"/><line number="208" hits="158"/><line number="211" hits="8"/><line number="212" hits="2"/><line number="214" hits="12"/><line number="215" hits="4"/><line number="219" hits="322"/><line number="220" hits="6"/><line number="222" hits="6"/><line number="224" hits="161"/></lines></class></classes></package><package name="src/chat/view" line-rate="0.938" branch-rate="0" complexity="0"><classes><class name="input" filename="src/chat/view/input.rs" line-rate="1" branch-rate="0" complexity="0"><methods/><lines><line number="14" hits="90"/><line number="20" hits="360"/><line number="22" hits="90"/><line number="23" hits="540"/><line number="24" hits="360"/><line number="26" hits="259"/><line number="27" hits="395"/><line number="28" hits="79"/><line number="29" hits="158"/><line number="31" hits="237"/><line number="32" hits="237"/><line number="34" hits="44"/><line number="35" hits="33"/><line number="40" hits="270"/><line number="41" hits="360"/><line number="42" hits="270"/><line number="43" hits="270"/><line number="44" hits="360"/><line number="45" hits="360"/><line number="46" hits="270"/></lines></class><class name="mod" filename="src/chat/view/mod.rs" line-rate="0.8133333333333334" branch-rate="0" complexity="0"><methods/><lines><line number="30" hits="75"/><line number="31" hits="375"/><line number="34" hits="90"/><line number="40" hits="180"/><line number="41" hits="540"/><line number="44" hits="92"/><line number="51" hits="182"/><line number="52" hits="4"/><line number="55" hits="352"/><line number="56" hits="440"/><line number="58" hits="88"/><line number="59" hits="528"/><line number="62" hits="264"/><line number="63" hits="88"/><line number="65" hits="176"/><line number="66" hits="2573"/><line number="67" hits="4970"/><line number="68" hits="4970"/><line number="70" hits="249305"/><line number="71" hits="493634"/><line number="72" hits="740442"/><line number="74" hits="987280"/><line number="77" hits="2485"/><line number="82" hits="6"/><line number="83" hits="12"/><line number="84" hits="36"/><line number="87" hits="0"/><line number="93" hits="0"/><line number="94" hits="0"/><line number="97" hits="94"/><line number="104" hits="282"/><line number="105" hits="282"/><line number="107" hits="376"/><line number="108" hits="376"/><line number="110" hits="282"/><line number="111" hits="470"/><line number="112" hits="470"/><line number="113" hits="470"/><line number="114" hits="564"/><line number="117" hits="94"/><line number="118" hits="94"/><line number="119" hits="94"/><line number="120" hits="94"/><line number="121" hits="94"/><line number="124" hits="116"/><line number="126" hits="22"/><line number="127" hits="22"/><line number="128" hits="22"/><line number="129" hits="44"/><line num
[...]
57"/><line number="56" hits="57"/><line number="57" hits="57"/><line number="58" hits="57"/><line number="59" hits="57"/><line number="60" hits="57"/><line number="61" hits="57"/><line number="62" hits="57"/><line number="66" hits="87"/><line number="75" hits="261"/><line number="76" hits="174"/><line number="77" hits="0"/><line number="80" hits="174"/><line number="81" hits="261"/><line number="83" hits="87"/><line number="85" hits="261"/><line number="86" hits="174"/><line number="88" hits="181"/><line number="89" hits="94"/><line number="90" hits="76"/><line number="91" hits="152"/><line number="92" hits="0"/><line number="93" hits="54"/><line number="94" hits="54"/><line number="95" hits="0"/><line number="97" hits="54"/><line number="99" hits="0"/><line number="100" hits="98"/><line number="101" hits="98"/><line number="102" hits="0"/><line number="104" hits="98"/><line number="107" hits="152"/><line number="108" hits="0"/><line number="110" hits="76"/><line number="111" hits="380"/><line number="112" hits="223"/><line number="113" hits="174"/><line number="114" hits="169"/><line number="115" hits="142"/><line number="118" hits="294"/><line number="119" hits="71"/><line number="120" hits="142"/><line number="122" hits="152"/><line number="124" hits="441"/><line number="125" hits="588"/><line number="128" hits="36"/><line number="129" hits="108"/><line number="130" hits="82"/><line number="131" hits="128"/><line number="132" hits="16"/><line number="133" hits="32"/><line number="135" hits="96"/><line number="137" hits="192"/><line number="138" hits="256"/><line number="144" hits="87"/><line number="147" hits="20"/><line number="153" hits="140"/></lines></class><class name="message" filename="src/chat/view/timeline/render_entry/message.rs" line-rate="1" branch-rate="0" complexity="0"><methods/><lines><line number="5" hits="32"/><line number="11" hits="64"/><line number="13" hits="32"/><line number="14" hits="31"/><line number="16" hits="66"/><line number="17" hits="34"/><line number="18" hits="64"/><line number="20" hits="2"/><line number="22" hits="102"/><line number="25" hits="60"/><line number="26" hits="30"/><line number="27" hits="30"/><line number="28" hits="30"/><line number="29" hits="75"/><line number="30" hits="15"/><line number="34" hits="1"/><line number="37" hits="31"/></lines></class><class name="status" filename="src/chat/view/timeline/render_entry/status.rs" line-rate="0.967741935483871" branch-rate="0" complexity="0"><methods/><lines><line number="4" hits="2"/><line number="11" hits="2"/><line number="12" hits="2"/><line number="13" hits="2"/><line number="14" hits="8"/><line number="15" hits="4"/><line number="19" hits="1"/><line number="26" hits="1"/><line number="27" hits="1"/><line number="28" hits="1"/><line number="29" hits="1"/><line number="30" hits="1"/><line number="31" hits="2"/><line number="32" hits="2"/><line number="34" hits="2"/><line number="38" hits="9"/><line number="44" hits="9"/><line number="45" hits="9"/><line number="46" hits="9"/><line number="47" hits="36"/><line number="48" hits="18"/><line number="49" hits="9"/><line number="53" hits="2"/><line number="58" hits="4"/><line number="59" hits="0"/><line number="62" hits="4"/><line number="64" hits="2"/><line number="65" hits="2"/><line number="66" hits="2"/><line number="67" hits="4"/><line number="68" hits="4"/></lines></class><class name="tooling" filename="src/chat/view/timeline/render_entry/tooling.rs" line-rate="0.9565217391304348" branch-rate="0" complexity="0"><methods/><lines><line number="7" hits="3"/><line number="13" hits="6"/><line number="15" hits="0"/><line number="16" hits="3"/><line number="17" hits="3"/><line number="18" hits="3"/><line number="19" hits="3"/><line number="20" hits="3"/><line number="22" hits="6"/><line number="23" hits="3"/><line number="24" hits="6"/><line number="25" hits="12"/><line number="26" hits="3"/><line number="27" hits="12"/><line number="29" hits="5"/><line number="30" hits="8"/><line number="32" hits="5"/><line number="33" hits="8"/><line number="35" hits="12"/><line number="37" hits="9"/><line number="38" hits="3"/><line number="39" hits="3"/><line number="40" hits="3"/><line number="41" hits="6"/><line number="42" hits="6"/><line number="46" hits="3"/><line number="49" hits="31"/><line number="55" hits="62"/><line number="56" hits="0"/><line number="59" hits="186"/><line number="62" hits="3"/><line number="68" hits="6"/><line number="70" hits="6"/><line number="71" hits="0"/><line number="74" hits="12"/><line number="75" hits="3"/><line number="76" hits="6"/><line number="77" hits="6"/><line number="81" hits="6"/><line number="82" hits="6"/><line number="83" hits="9"/><line number="84" hits="12"/><line number="85" hits="6"/><line number="86" hits="12"/><line number="87" hits="6"/><line number="88" hits="12"/><line number="89" hits="3"/><line number="90" hits="3"/><line number="91" hits="12"/><line number="92" hits="3"/><line number="98" hits="12"/><line number="99" hits="9"/><line number="101" hits="3"/><line number="102" hits="1"/><line number="105" hits="2"/><line number="107" hits="4"/><line number="108" hits="5"/><line number="109" hits="2"/><line number="110" hits="2"/><line number="111" hits="1"/><line number="112" hits="1"/><line number="116" hits="12"/><line number="117" hits="9"/><line number="118" hits="3"/><line number="119" hits="3"/><line number="120" hits="6"/><line number="121" hits="9"/><line number="122" hits="9"/><line number="125" hits="3"/></lines></class></classes></package><package name="src/chat/view/render" line-rate="1" branch-rate="0" complexity="0"><classes><class name="contracts" filename="src/chat/view/render/contracts.rs" line-rate="1" branch-rate="0" complexity="0"><methods/><lines><line number="20" hits="1"/><line number="22" hits="2"/><line number="23" hits="2"/><line number="24" hits="2"/><line number="25" hits="2"/><line number="26" hits="2"/><line number="27" hits="1"/><line number="28" hits="1"/><line number="41" hits="97"/><line number="55" hits="468"/><line number="56" hits="468"/><line number="59" hits="8"/><line number="60" hits="8"/><line number="63" hits="556"/><line number="64" hits="556"/><line number="67" hits="11"/><line number="68" hits="11"/><line number="71" hits="90"/><line number="72" hits="90"/><line number="94" hits="551"/><line number="101" hits="1101"/><line number="102" hits="1102"/><line number="103" hits="1103"/><line number="104" hits="2750"/></lines></class><class name="registry" filename="src/chat/view/render/registry.rs" line-rate="1" branch-rate="0" complexity="0"><methods/><lines><line number="31" hits="1"/><line number="32" hits="1"/><line number="37" hits="97"/><line number="51" hits="551"/><line number="52" hits="551"/><line number="53" hits="93"/><line number="54" hits="91"/><line number="55" hits="91"/><line number="56" hits="91"/><line number="57" hits="89"/><line number="58" hits="87"/><line number="59" hits="9"/></lines></class></classes></package><package name="src/welcome" line-rate="0.8277310924369747" branch-rate="0" complexity="0"><classes><class name="mascot" filename="src/welcome/mascot.rs" line-rate="0.8181818181818182" branch-rate="0" complexity="0"><methods/><lines><line number="11" hits="66"/><line number="12" hits="396"/><line number="15" hits="2"/><line number="16" hits="12"/><line number="19" hits="96"/><line number="20" hits="576"/><line number="38" hits="0"/><line number="39" hits="0"/><line number="40" hits="0"/><line number="41" hits="0"/><line number="42" hits="0"/><line number="44" hits="0"/><line number="49" hits="164"/><line number="52" hits="345"/><line number="53" hits="34"/><line number="54" hits="19"/><line number="55" hits="2"/><line number="57" hits="17"/><line number="61" hits="17"/><line number="62" hits="51"/><line number="63" hits="60"/><line number="64" hits="0"/><line number="65" hits="0"/><line number="67" hits="75"/><line number="68" hits="15"/><line number="70" hits="15"/><line number="73" hits="167"/><line number="78" hits="490"/><line number="79" hits="468"/><line number="80" hits="156"/><line number="81" hits="312"/><line number="82" hits="312"/><line number="84" hits="468"/><line number="88" hits="67"/><line number="93" hits="268"/><line number="94" hits="67"/><line number="95" hits="77"/><line number="98" hits="3"/><line number="103" hits="12"/><line number="104" hits="3"/><line number="105" hits="9"/><line number="108" hits="97"/><line number="113" hits="388"/><line number="114" hits="97"/></lines></class><class name="sprite" filename="src/welcome/sprite.rs" line-rate="0.7339449541284404" branch-rate="0" complexity="0"><methods/><lines><line number="41" hits="78"/><line number="42" hits="156"/><line number="44" hits="2652"/><line number="45" hits="41184"/><line number="46" hits="79872"/><line number="47" hits="58904"/><line number="48" hits="20968"/><line number="49" hits="52420"/><line number="50" hits="20968"/><line number="52" hits="18204"/><line number="53" hits="3860"/><line number="55" hits="31452"/><line number="56" hits="31452"/><line number="61" hits="3666"/><line number="62" hits="1170"/><line number="66" hits="78"/><line number="69" hits="0"/><line number="70" hits="0"/><line number="72" hits="0"/><line number="73" hits="0"/><line number="74" hits="0"/><line number="77" hits="0"/><line number="78" hits="0"/><line number="82" hits="0"/><line number="85" hits="94"/><line number="86" hits="94"/><line number="88" hits="1598"/><line number="89" hits="3008"/><line number="90" hits="1504"/><line number="91" hits="49632"/><line number="92" hits="96256"/><line number="93" hits="98140"/><line number="94" hits="50012"/><line number="96" hits="57088"/><line number="97" hits="8960"/><line number="100" hits="192512"/><line number="102" hits="1504"/><line number="104" hits="3008"/><line number="119" hits="28"/><line number="120" hits="28"/><line number="121" hits="0"/><line number="123" hits="28"/><line number="124" hits="0"/><line number="127" hits="112"/><line number="128" hits="84"/><line number="129" hits="84"/><line number="131" hits="28"/><line number="132" hits="0"/><line number="135" hits="56"/><line number="136" hits="84"/><line number="138" hits="252"/><line number="139" hits="336"/><line number="140" hits="672"/><line number="143" hits="28"/><line number="144" hits="56"/><line number="145" hits="28"/><line number="146" hits="56"/><line number="147" hits="28"/><line number="151" hits="159"/><line number="152" hits="318"/><line number="155" hits="0"/><line number="156" hits="0"/><line number="159" hits="172"/><line number="160" hits="516"/><line number="163" hits="5"/><line number="164" hits="10"/><line number="165" hits="20"/><line number="166" hits="20"/><line number="168" hits="8"/><line number="169" hits="9"/><line number="170" hits="15"/><line number="171" hits="6"/><line number="175" hits="0"/><line number="176" hits="0"/><line number="189" hits="0"/><line number="190" hits="0"/><line number="191" hits="0"/><line number="192" hits="0"/><line number="193" hits="0"/><line number="194" hits="0"/><line number="197" hits="0"/><line number="203" hits="0"/><line number="204" hits="0"/><line number="205" hits="0"/><line number="206" hits="0"/><line number="212" hits="0"/><line number="213" hits="0"/><line number="217" hits="112"/><line number="223" hits="224"/><line number="224" hits="224"/><line number="226" hits="1904"/><line number="227" hits="5376"/><line number="229" hits="59136"/><line number="230" hits="229376"/><line number="231" hits="114688"/><line number="232" hits="172032"/><line number="234" hits="0"/><line number="237" hits="286720"/><line number="240" hits="5376"/><line number="241" hits="1792"/><line number="247" hits="57346"/><line number="248" hits="114692"/><line number="249" hits="114692"/><line number="251" hits="114692"/><line number="259" hits="5208"/><line number="264" hits="3024"/><line number="269" hits="27387"/><line number="274" hits="10304"/><line number="275" hits="7728"/></lines></class><class name="startup" filename="src/welcome/startup.rs" line-rate="0.9354838709677419" branch-rate="0" complexity="0"><methods/><lines><line number="16" hits="14"/><line number="18" hits="14"/><line number="22" hits="40"/><line number="23" hits="160"/><line number="24" hits="120"/><line number="28" hits="4"/><line number="29" hits="8"/><line number="30" hits="20"/><line number="32" hits="8"/><line number="33" hits="20"/><line number="35" hits="8"/><line number="36" hits="4"/><line number="37" hits="4"/><line number="39" hits="16"/><line number="42" hits="8"/><line number="43" hits="13"/><line number="45" hits="3"/><line number="46" hits="2"/><line number="47" hits="2"/><line number="49" hits="8"/><line number="53" hits="3"/><line number="56" hits="1"/><line number="57" hits="2"/><line number="58" hits="5"/><line number="59" hits="5"/><line number="60" hits="1"/><line number="61" hits="1"/><line number="63" hits="4"/><line number="65" hits="1"/><line number="69" hits="0"/><line number="70" hits="0"/></lines></class><class name="state" filename="src/welcome/state.rs" line-rate="0.8571428571428571" branch-rate="0" complexity="0"><methods/><lines><line number="16" hits="143"/><line number="24" hits="54"/><line number="25" hits="54"/><line number="28" hits="58"/><line number="29" hits="232"/><line number="30" hits="232"/><line number="32" hits="116"/><line number="40" hits="4"/><line number="53" hits="24"/><line number="57" hits="156"/><line number="63" hits="624"/><line number="64" hits="156"/><line number="69" hits="0"/><line number="70" hits="0"/></lines></class><class name="theme" filename="src/welcome/theme.rs" line-rate="1" branch-rate="0" complexity="0"><methods/><lines><line number="25" hits="46"/><line number="26" hits="46"/></lines></class><class name="view" filename="src/welcome/view.rs" line-rate="1" branch-rate="0" complexity="0"><methods/><lines><line number="5" hits="44"/><line number="6" hits="132"/><line number="8" hits="44"/><line number="10" hits="88"/><line number="12" hits="1452"/><line number="16" hits="88"/><line number="17" hits="132"/><line number="18" hits="44"/><line number="19" hits="132"/><line number="20" hits="44"/><line number="21" hits="88"/><line number="22" hits="88"/><line number="25" hits="176"/><line number="28" hits="44"/><line number="29" hits="44"/><line number="30" hits="16"/><line number="31" hits="22"/><line number="32" hits="6"/><line number="36" hits="44"/><line number="37" hits="264"/><line number="38" hits="132"/><line number="40" hits="1452"/><line number="41" hits="5632"/><line number="42" hits="5632"/><line number="43" hits="2816"/><line number="44" hits="4928"/><line number="45" hits="1408"/><line number="48" hits="88"/><line number="51" hits="1408"/><line number="52" hits="2816"/><line number="53" hits="5632"/><line number="55" hits="143792"/><line number="56" hits="149600"/><line number="57" hits="302312"/><line number="58" hits="250040"/><line number="59" hits="26136"/><line number="63" hits="90112"/><line number="67" hits="1408"/></lines></class></classes></package><package name="src/chat/view/timeline" line-rate="0.9626334519572953" branch-rate="0" complexity="0"><classes><class name="markdown" filename="src/chat/view/timeline/markdown.rs" line-rate="0.9402985074626866" branch-rate="0" complexity="0"><methods/><lines><line number="9" hits="92"/><line number="10" hits="184"/><line number="11" hits="184"/><line number="12" hits="368"/><line number="14" hits="424"/><line number="15" hits="498"/><line number="16" hits="332"/><line number="18" hits="29"/><line number="19" hits="18"/><line number="21" hits="69"/><line number="22" hits="46"/><line number="23" hits="46"/><line number="25" hits="100"/><line number="26" hits="108"/><line number="27" hits="22"/><line number="28" hits="22"/><line number="30" hits="42"/><line number="31" hits="10"/><line number="33" hits="96"/><line number="36" hits="45"/><line number="37" hits="66"/><line number="38" hits="22"/><line number="39" hits="22"/><line number="43" hits="4"/><line number="44" hits="4"/><line number="45" hits="3"/><line number="46" hits="2"/><line number="49" hits="199"/><line number="50" hits="56"/><line number="52" hits="429"/><line number="56" hits="170"/><line number="57" hits="156"/><line number="61" hits="184"/><line number="62" hits="0"/><line number="65" hits="92"/><line number="71" hits="27"/><line number="72" hits="108"/><line number="73" hits="135"/><line number="74" hits="54"/><line number="76" hits="114"/><line number="77" hits="90"/><line number="79" hits="60"/><line number="80" hits="0"/><line number="83" hits="90"/><line number="85" hits="60"/><line number="86" hits="3"/><line number="87" hits="0"/><line number="88" hits="0"/><line number="90" hits="9"/><line number="91" hits="11"/><line number="92" hits="1"/><line number="94" hits="2"/><line number="98" hits="27"/><line number="101" hits="5"/><line number="102" hits="10"/><line number="103" hits="10"/><line number="104" hits="10"/><line number="105" hits="10"/><line number="106" hits="10"/><line number="107" hits="10"/><line number="108" hits="10"/><line number="109" hits="10"/><line number="110" hits="10"/><line number="111" hits="10"/><line number="112" hits="5"/><line number="113" hits="5"/><line number="114" hits="17"/></lines></class><class name="render_entry" filename="src/chat/view/timeline/render_entry.rs" line-rate="1" branch-rate="0" complexity="0"><methods/><lines><line number="38" hits="122"/><line number="40" hits="244"/><line number="56" hits="177"/><line number="57" hits="708"/><line number="58" hits="177"/><line number="60" hits="3429"/><line number="61" hits="1239"/><line number="77" hits="177"/><line number="78" hits="322"/><line number="81" hits="32"/><line number="88" hits="160"/><line number="93" hits="145"/><line number="94" hits="287"/><line number="97" hits="3"/><line number="104" hits="15"/><line number="109" hits="142"/><line number="110" hits="253"/><line number="113" hits="31"/><line number="120" hits="155"/><line number="125" hits="111"/><line number="126" hits="219"/><line number="129" hits="3"/><line number="136" hits="15"/><line number="141" hits="108"/><line number="142" hits="214"/><line number="145" hits="2"/><line number="152" hits="10"/><line number="157" hits="106"/><line number="158" hits="211"/><line number="161" hits="1"/><line number="168" hits="5"/><line number="173" hits="105"/><line number="174" hits="201"/><line number="177" hits="9"/><line number="184" hits="36"/><line number="189" hits="96"/><line number="190" hits="190"/><line number="193" hits="2"/><line number="200" hits="8"/><line number="205" hits="94"/><line number="206" hits="94"/><line number="209" hits="94"/><line number="216" hits="188"/><line number="217" hits="188"/><line number="218" hits="470"/><line number="223" hits="2"/><line number="229" hits="10"/><line number="233" hits="28"/><line number="238" hits="140"/></lines></class><class name="text_wrap" filename="src/chat/view/timeline/text_wrap.rs" line-rate="1" branch-rate="0" complexity="0"><methods/><lines><line number="4" hits="28"/><line number="5" hits="28"/><line number="6" hits="3"/><line number="8" hits="54"/><line number="9" hits="54"/><line number="10" hits="54"/><line number="11" hits="54"/><line number="13" hits="401"/><line number="14" hits="1388"/><line number="15" hits="355"/><line number="16" hits="16"/><line number="17" hits="4"/><line number="19" hits="1041"/><line number="20" hits="347"/><line number="22" hits="53"/><line number="23" hits="52"/><line number="25" hits="55"/><line number="26" hits="2"/><line number="28" hits="27"/><line number="32" hits="22"/><line number="40" hits="66"/><line number="41" hits="88"/><line number="43" hits="114"/><line number="44" hits="46"/><line number="45" hits="88"/><line number="46" hits="132"/><line number="47" hits="66"/><line number="49" hits="10"/><line number="50" hits="4"/><line number="51" hits="4"/></lines></class></classes></package></packages></coverage>